This file contains any messages produced by compilers while
running configure, to aid debugging if configure makes a mistake.

It was created by libcaca configure 0.99.beta19, which was
generated by GNU Autoconf 2.71.  Invocation command line was

  $ ./configure PKG_CONFIG_PATH=:/data/Tools/linux-sgx/linux/installer/bin/sgxsdk/pkgconfig --no-create --no-recursion

## --------- ##
## Platform. ##
## --------- ##

hostname = mschwarz-t490s
uname -m = x86_64
uname -r = 5.15.0-73-generic
uname -s = Linux
uname -v = #80-Ubuntu SMP Mon May 15 15:18:26 UTC 2023

/usr/bin/uname -p = x86_64
/bin/uname -X     = unknown

/bin/arch              = x86_64
/usr/bin/arch -k       = unknown
/usr/convex/getsysinfo = unknown
/usr/bin/hostinfo      = unknown
/bin/machine           = unknown
/usr/bin/oslevel       = unknown
/bin/universe          = unknown

PATH: /home/mschwarz/.cargo/bin/
PATH: /usr/local/sbin/
PATH: /usr/local/bin/
PATH: /usr/sbin/
PATH: /usr/bin/
PATH: /sbin/
PATH: /bin/
PATH: /usr/games/
PATH: /usr/local/games/
PATH: /snap/bin/
PATH: /data/Tools/linux-sgx/linux/installer/bin/sgxsdk/bin/
PATH: /data/Tools/linux-sgx/linux/installer/bin/sgxsdk/bin/x64/


## ----------- ##
## Core tests. ##
## ----------- ##

configure:2939: looking for aux files: ltmain.sh compile missing install-sh config.guess config.sub
configure:2952:  trying ./.auto/
configure:2981:   ./.auto/ltmain.sh found
configure:2981:   ./.auto/compile found
configure:2981:   ./.auto/missing found
configure:2963:   ./.auto/install-sh found
configure:2981:   ./.auto/config.guess found
configure:2981:   ./.auto/config.sub found
configure:3101: checking build system type
configure:3116: result: x86_64-pc-linux-gnu
configure:3136: checking host system type
configure:3150: result: x86_64-pc-linux-gnu
configure:3170: checking target system type
configure:3184: result: x86_64-pc-linux-gnu
configure:3228: checking for a BSD-compatible install
configure:3301: result: /usr/bin/install -c
configure:3312: checking whether build environment is sane
configure:3367: result: yes
configure:3526: checking for a race-free mkdir -p
configure:3570: result: /usr/bin/mkdir -p
configure:3577: checking for gawk
configure:3598: found /usr/bin/gawk
configure:3609: result: gawk
configure:3620: checking whether make sets $(MAKE)
configure:3643: result: yes
configure:3673: checking whether make supports nested variables
configure:3691: result: yes
configure:3771: checking whether UID '1000' is supported by ustar format
configure:3774: result: yes
configure:3781: checking whether GID '1000' is supported by ustar format
configure:3784: result: yes
configure:3792: checking how to create a ustar tar archive
configure:3803: tar --version
tar (GNU tar) 1.34
Copyright (C) 2021 Free Software Foundation, Inc.
License GPLv3+: GNU GPL version 3 or later <https://gnu.org/licenses/gpl.html>.
This is free software: you are free to change and redistribute it.
There is NO WARRANTY, to the extent permitted by law.

Written by John Gilmore and Jay Fenlason.
configure:3806: $? = 0
configure:3846: tardir=conftest.dir && eval tar --format=ustar -chf - "$tardir" >conftest.tar
configure:3849: $? = 0
configure:3853: tar -xf - <conftest.tar
configure:3856: $? = 0
configure:3858: cat conftest.dir/file
GrepMe
configure:3861: $? = 0
configure:3875: result: gnutar
configure:3966: checking whether make supports the include directive
configure:3981: make -f confmf.GNU && cat confinc.out
make[1]: Entering directory '/data/Projects/2022_pmc_defender/experiments/toilet_attack/libcaca-0.99.beta19'
make[1]: Leaving directory '/data/Projects/2022_pmc_defender/experiments/toilet_attack/libcaca-0.99.beta19'
this is the am__doit target
configure:3984: $? = 0
configure:4003: result: yes (GNU style)
configure:4079: checking for gcc
configure:4100: found /usr/bin/gcc
configure:4111: result: gcc
configure:4464: checking for C compiler version
configure:4473: gcc --version >&5
gcc (Ubuntu 11.3.0-1ubuntu1~22.04.1) 11.3.0
Copyright (C) 2021 Free Software Foundation, Inc.
This is free software; see the source for copying conditions.  There is NO
warranty; not even for MERCHANTABILITY or FITNESS FOR A PARTICULAR PURPOSE.

configure:4484: $? = 0
configure:4473: gcc -v >&5
Using built-in specs.
COLLECT_GCC=gcc
COLLECT_LTO_WRAPPER=/usr/lib/gcc/x86_64-linux-gnu/11/lto-wrapper
OFFLOAD_TARGET_NAMES=nvptx-none:amdgcn-amdhsa
OFFLOAD_TARGET_DEFAULT=1
Target: x86_64-linux-gnu
Configured with: ../src/configure -v --with-pkgversion='Ubuntu 11.3.0-1ubuntu1~22.04.1' --with-bugurl=file:///usr/share/doc/gcc-11/README.Bugs --enable-languages=c,ada,c++,go,brig,d,fortran,objc,obj-c++,m2 --prefix=/usr --with-gcc-major-version-only --program-suffix=-11 --program-prefix=x86_64-linux-gnu- --enable-shared --enable-linker-build-id --libexecdir=/usr/lib --without-included-gettext --enable-threads=posix --libdir=/usr/lib --enable-nls --enable-bootstrap --enable-clocale=gnu --enable-libstdcxx-debug --enable-libstdcxx-time=yes --with-default-libstdcxx-abi=new --enable-gnu-unique-object --disable-vtable-verify --enable-plugin --enable-default-pie --with-system-zlib --enable-libphobos-checking=release --with-target-system-zlib=auto --enable-objc-gc=auto --enable-multiarch --disable-werror --enable-cet --with-arch-32=i686 --with-abi=m64 --with-multilib-list=m32,m64,mx32 --enable-multilib --with-tune=generic --enable-offload-targets=nvptx-none=/build/gcc-11-aYxV0E/gcc-11-11.3.0/debian/tmp-nvptx/usr,amdgcn-amdhsa=/build/gcc-11-aYxV0E/gcc-11-11.3.0/debian/tmp-gcn/usr --without-cuda-driver --enable-checking=release --build=x86_64-linux-gnu --host=x86_64-linux-gnu --target=x86_64-linux-gnu --with-build-config=bootstrap-lto-lean --enable-link-serialization=2
Thread model: posix
Supported LTO compression algorithms: zlib zstd
gcc version 11.3.0 (Ubuntu 11.3.0-1ubuntu1~22.04.1) 
... rest of stderr output deleted ...
configure:4484: $? = 0
configure:4473: gcc -V >&5
gcc: error: unrecognized command-line option '-V'
gcc: fatal error: no input files
compilation terminated.
configure:4484: $? = 1
configure:4473: gcc -qversion >&5
gcc: error: unrecognized command-line option '-qversion'; did you mean '--version'?
gcc: fatal error: no input files
compilation terminated.
configure:4484: $? = 1
configure:4473: gcc -version >&5
gcc: error: unrecognized command-line option '-version'
gcc: fatal error: no input files
compilation terminated.
configure:4484: $? = 1
configure:4504: checking whether the C compiler works
configure:4526: gcc    conftest.c  >&5
configure:4530: $? = 0
configure:4580: result: yes
configure:4583: checking for C compiler default output file name
configure:4585: result: a.out
configure:4591: checking for suffix of executables
configure:4598: gcc -o conftest    conftest.c  >&5
configure:4602: $? = 0
configure:4625: result: 
configure:4647: checking whether we are cross compiling
configure:4655: gcc -o conftest    conftest.c  >&5
configure:4659: $? = 0
configure:4666: ./conftest
configure:4670: $? = 0
configure:4685: result: no
configure:4690: checking for suffix of object files
configure:4713: gcc -c   conftest.c >&5
configure:4717: $? = 0
configure:4739: result: o
configure:4743: checking whether the compiler supports GNU C
configure:4763: gcc -c   conftest.c >&5
configure:4763: $? = 0
configure:4773: result: yes
configure:4784: checking whether gcc accepts -g
configure:4805: gcc -c -g  conftest.c >&5
configure:4805: $? = 0
configure:4849: result: yes
configure:4869: checking for gcc option to enable C11 features
configure:4884: gcc  -c -g -O2  conftest.c >&5
configure:4884: $? = 0
configure:4902: result: none needed
configure:5018: checking whether gcc understands -c and -o together
configure:5041: gcc -c conftest.c -o conftest2.o
configure:5044: $? = 0
configure:5041: gcc -c conftest.c -o conftest2.o
configure:5044: $? = 0
configure:5056: result: yes
configure:5075: checking dependency style of gcc
configure:5187: result: gcc3
configure:5208: checking how to run the C preprocessor
configure:5234: gcc -E  conftest.c
configure:5234: $? = 0
configure:5249: gcc -E  conftest.c
conftest.c:9:10: fatal error: ac_nonexistent.h: No such file or directory
    9 | #include <ac_nonexistent.h>
      |          ^~~~~~~~~~~~~~~~~~
compilation terminated.
configure:5249: $? = 1
configure: failed program was:
| /* confdefs.h */
| #define PACKAGE_NAME "libcaca"
| #define PACKAGE_TARNAME "libcaca"
| #define PACKAGE_VERSION "0.99.beta19"
| #define PACKAGE_STRING "libcaca 0.99.beta19"
| #define PACKAGE_BUGREPORT ""
| #define PACKAGE_URL ""
| /* end confdefs.h.  */
| #include <ac_nonexistent.h>
configure:5276: result: gcc -E
configure:5290: gcc -E  conftest.c
configure:5290: $? = 0
configure:5305: gcc -E  conftest.c
conftest.c:9:10: fatal error: ac_nonexistent.h: No such file or directory
    9 | #include <ac_nonexistent.h>
      |          ^~~~~~~~~~~~~~~~~~
compilation terminated.
configure:5305: $? = 1
configure: failed program was:
| /* confdefs.h */
| #define PACKAGE_NAME "libcaca"
| #define PACKAGE_TARNAME "libcaca"
| #define PACKAGE_VERSION "0.99.beta19"
| #define PACKAGE_STRING "libcaca 0.99.beta19"
| #define PACKAGE_BUGREPORT ""
| #define PACKAGE_URL ""
| /* end confdefs.h.  */
| #include <ac_nonexistent.h>
configure:5404: checking for g++
configure:5425: found /usr/bin/g++
configure:5436: result: g++
configure:5463: checking for C++ compiler version
configure:5472: g++ --version >&5
g++ (Ubuntu 11.3.0-1ubuntu1~22.04.1) 11.3.0
Copyright (C) 2021 Free Software Foundation, Inc.
This is free software; see the source for copying conditions.  There is NO
warranty; not even for MERCHANTABILITY or FITNESS FOR A PARTICULAR PURPOSE.

configure:5483: $? = 0
configure:5472: g++ -v >&5
Using built-in specs.
COLLECT_GCC=g++
COLLECT_LTO_WRAPPER=/usr/lib/gcc/x86_64-linux-gnu/11/lto-wrapper
OFFLOAD_TARGET_NAMES=nvptx-none:amdgcn-amdhsa
OFFLOAD_TARGET_DEFAULT=1
Target: x86_64-linux-gnu
Configured with: ../src/configure -v --with-pkgversion='Ubuntu 11.3.0-1ubuntu1~22.04.1' --with-bugurl=file:///usr/share/doc/gcc-11/README.Bugs --enable-languages=c,ada,c++,go,brig,d,fortran,objc,obj-c++,m2 --prefix=/usr --with-gcc-major-version-only --program-suffix=-11 --program-prefix=x86_64-linux-gnu- --enable-shared --enable-linker-build-id --libexecdir=/usr/lib --without-included-gettext --enable-threads=posix --libdir=/usr/lib --enable-nls --enable-bootstrap --enable-clocale=gnu --enable-libstdcxx-debug --enable-libstdcxx-time=yes --with-default-libstdcxx-abi=new --enable-gnu-unique-object --disable-vtable-verify --enable-plugin --enable-default-pie --with-system-zlib --enable-libphobos-checking=release --with-target-system-zlib=auto --enable-objc-gc=auto --enable-multiarch --disable-werror --enable-cet --with-arch-32=i686 --with-abi=m64 --with-multilib-list=m32,m64,mx32 --enable-multilib --with-tune=generic --enable-offload-targets=nvptx-none=/build/gcc-11-aYxV0E/gcc-11-11.3.0/debian/tmp-nvptx/usr,amdgcn-amdhsa=/build/gcc-11-aYxV0E/gcc-11-11.3.0/debian/tmp-gcn/usr --without-cuda-driver --enable-checking=release --build=x86_64-linux-gnu --host=x86_64-linux-gnu --target=x86_64-linux-gnu --with-build-config=bootstrap-lto-lean --enable-link-serialization=2
Thread model: posix
Supported LTO compression algorithms: zlib zstd
gcc version 11.3.0 (Ubuntu 11.3.0-1ubuntu1~22.04.1) 
... rest of stderr output deleted ...
configure:5483: $? = 0
configure:5472: g++ -V >&5
g++: error: unrecognized command-line option '-V'
g++: fatal error: no input files
compilation terminated.
configure:5483: $? = 1
configure:5472: g++ -qversion >&5
g++: error: unrecognized command-line option '-qversion'; did you mean '--version'?
g++: fatal error: no input files
compilation terminated.
configure:5483: $? = 1
configure:5487: checking whether the compiler supports GNU C++
configure:5507: g++ -c   conftest.cpp >&5
configure:5507: $? = 0
configure:5517: result: yes
configure:5528: checking whether g++ accepts -g
configure:5549: g++ -c -g  conftest.cpp >&5
configure:5549: $? = 0
configure:5593: result: yes
configure:5613: checking for g++ option to enable C++11 features
configure:5628: g++  -c -g -O2  conftest.cpp >&5
conftest.cpp: In function 'int main(int, char**)':
conftest.cpp:175:25: warning: empty parentheses were disambiguated as a function declaration [-Wvexing-parse]
  175 |   cxx11test::delegate d2();
      |                         ^~
conftest.cpp:175:25: note: remove parentheses to default-initialize a variable
  175 |   cxx11test::delegate d2();
      |                         ^~
      |                         --
conftest.cpp:175:25: note: or replace parentheses with braces to value-initialize a variable
configure:5628: $? = 0
configure:5646: result: none needed
configure:5712: checking dependency style of g++
configure:5824: result: gcc3
configure:5844: checking how to run the C++ preprocessor
configure:5866: g++ -E  conftest.cpp
configure:5866: $? = 0
configure:5881: g++ -E  conftest.cpp
conftest.cpp:9:10: fatal error: ac_nonexistent.h: No such file or directory
    9 | #include <ac_nonexistent.h>
      |          ^~~~~~~~~~~~~~~~~~
compilation terminated.
configure:5881: $? = 1
configure: failed program was:
| /* confdefs.h */
| #define PACKAGE_NAME "libcaca"
| #define PACKAGE_TARNAME "libcaca"
| #define PACKAGE_VERSION "0.99.beta19"
| #define PACKAGE_STRING "libcaca 0.99.beta19"
| #define PACKAGE_BUGREPORT ""
| #define PACKAGE_URL ""
| /* end confdefs.h.  */
| #include <ac_nonexistent.h>
configure:5908: result: g++ -E
configure:5922: g++ -E  conftest.cpp
configure:5922: $? = 0
configure:5937: g++ -E  conftest.cpp
conftest.cpp:9:10: fatal error: ac_nonexistent.h: No such file or directory
    9 | #include <ac_nonexistent.h>
      |          ^~~~~~~~~~~~~~~~~~
compilation terminated.
configure:5937: $? = 1
configure: failed program was:
| /* confdefs.h */
| #define PACKAGE_NAME "libcaca"
| #define PACKAGE_TARNAME "libcaca"
| #define PACKAGE_VERSION "0.99.beta19"
| #define PACKAGE_STRING "libcaca 0.99.beta19"
| #define PACKAGE_BUGREPORT ""
| #define PACKAGE_URL ""
| /* end confdefs.h.  */
| #include <ac_nonexistent.h>
configure:5970: checking dependency style of 
configure:6080: result: none
configure:6107: checking dependency style of gcc
configure:6217: result: gcc3
configure:6613: checking how to print strings
configure:6640: result: printf
configure:6661: checking for a sed that does not truncate output
configure:6731: result: /usr/bin/sed
configure:6749: checking for grep that handles long lines and -e
configure:6813: result: /usr/bin/grep
configure:6818: checking for egrep
configure:6886: result: /usr/bin/grep -E
configure:6891: checking for fgrep
configure:6959: result: /usr/bin/grep -F
configure:6995: checking for ld used by gcc
configure:7063: result: /usr/bin/ld
configure:7070: checking if the linker (/usr/bin/ld) is GNU ld
configure:7086: result: yes
configure:7098: checking for BSD- or MS-compatible name lister (nm)
configure:7153: result: /usr/bin/nm -B
configure:7293: checking the name lister (/usr/bin/nm -B) interface
configure:7301: gcc -c -g -O2  conftest.c >&5
configure:7304: /usr/bin/nm -B "conftest.o"
configure:7307: output
0000000000000000 B some_variable
configure:7314: result: BSD nm
configure:7317: checking whether ln -s works
configure:7321: result: yes
configure:7329: checking the maximum length of command line arguments
configure:7461: result: 1572864
configure:7509: checking how to convert x86_64-pc-linux-gnu file names to x86_64-pc-linux-gnu format
configure:7550: result: func_convert_file_noop
configure:7557: checking how to convert x86_64-pc-linux-gnu file names to toolchain format
configure:7578: result: func_convert_file_noop
configure:7585: checking for /usr/bin/ld option to reload object files
configure:7593: result: -r
configure:7672: checking for objdump
configure:7704: result: objdump
configure:7733: checking how to recognize dependent libraries
configure:7934: result: pass_all
configure:8024: checking for dlltool
configure:8056: result: dlltool
configure:8086: checking how to associate runtime and link libraries
configure:8114: result: printf %s\n
configure:8180: checking for ar
configure:8201: found /usr/bin/ar
configure:8212: result: ar
configure:8249: checking for archiver @FILE support
configure:8267: gcc -c -g -O2  conftest.c >&5
configure:8267: $? = 0
configure:8271: ar cr libconftest.a @conftest.lst >&5
configure:8274: $? = 0
configure:8279: ar cr libconftest.a @conftest.lst >&5
ar: conftest.o: No such file or directory
configure:8282: $? = 1
configure:8294: result: @
configure:8357: checking for strip
configure:8378: found /usr/bin/strip
configure:8389: result: strip
configure:8466: checking for ranlib
configure:8487: found /usr/bin/ranlib
configure:8498: result: ranlib
configure:8600: checking command to parse /usr/bin/nm -B output from gcc object
configure:8754: gcc -c -g -O2  conftest.c >&5
configure:8757: $? = 0
configure:8761: /usr/bin/nm -B conftest.o | sed -n -e 's/^.*[	 ]\([ABCDGIRSTW][ABCDGIRSTW]*\)[	 ][	 ]*\([_A-Za-z][_A-Za-z0-9]*\)$/\1 \2 \2/p' | sed '/ __gnu_lto/d' > conftest.nm
configure:8827: gcc -o conftest -g -O2   conftest.c conftstm.o >&5
configure:8830: $? = 0
configure:8868: result: ok
configure:8915: checking for sysroot
configure:8946: result: no
configure:8953: checking for a working dd
configure:8997: result: /usr/bin/dd
configure:9001: checking how to truncate binary pipes
configure:9017: result: /usr/bin/dd bs=4096 count=1
configure:9154: gcc -c -g -O2  conftest.c >&5
configure:9157: $? = 0
configure:9354: checking for mt
configure:9375: found /usr/bin/mt
configure:9386: result: mt
configure:9409: checking if mt is a manifest tool
configure:9416: mt '-?'
configure:9424: result: no
configure:10154: checking for stdio.h
configure:10154: gcc -c -g -O2  conftest.c >&5
configure:10154: $? = 0
configure:10154: result: yes
configure:10154: checking for stdlib.h
configure:10154: gcc -c -g -O2  conftest.c >&5
configure:10154: $? = 0
configure:10154: result: yes
configure:10154: checking for string.h
configure:10154: gcc -c -g -O2  conftest.c >&5
configure:10154: $? = 0
configure:10154: result: yes
configure:10154: checking for inttypes.h
configure:10154: gcc -c -g -O2  conftest.c >&5
configure:10154: $? = 0
configure:10154: result: yes
configure:10154: checking for stdint.h
configure:10154: gcc -c -g -O2  conftest.c >&5
configure:10154: $? = 0
configure:10154: result: yes
configure:10154: checking for strings.h
configure:10154: gcc -c -g -O2  conftest.c >&5
configure:10154: $? = 0
configure:10154: result: yes
configure:10154: checking for sys/stat.h
configure:10154: gcc -c -g -O2  conftest.c >&5
configure:10154: $? = 0
configure:10154: result: yes
configure:10154: checking for sys/types.h
configure:10154: gcc -c -g -O2  conftest.c >&5
configure:10154: $? = 0
configure:10154: result: yes
configure:10154: checking for unistd.h
configure:10154: gcc -c -g -O2  conftest.c >&5
configure:10154: $? = 0
configure:10154: result: yes
configure:10179: checking for dlfcn.h
configure:10179: gcc -c -g -O2  conftest.c >&5
configure:10179: $? = 0
configure:10179: result: yes
configure:10447: checking for objdir
configure:10463: result: .libs
configure:10723: checking if gcc supports -fno-rtti -fno-exceptions
configure:10742: gcc -c -g -O2  -fno-rtti -fno-exceptions conftest.c >&5
cc1: warning: command-line option '-fno-rtti' is valid for C++/D/ObjC++ but not for C
configure:10746: $? = 0
configure:10759: result: no
configure:11123: checking for gcc option to produce PIC
configure:11131: result: -fPIC -DPIC
configure:11139: checking if gcc PIC flag -fPIC -DPIC works
configure:11158: gcc -c -g -O2  -fPIC -DPIC -DPIC conftest.c >&5
configure:11162: $? = 0
configure:11175: result: yes
configure:11204: checking if gcc static flag -static works
configure:11233: result: yes
configure:11248: checking if gcc supports -c -o file.o
configure:11270: gcc -c -g -O2  -o out/conftest2.o conftest.c >&5
configure:11274: $? = 0
configure:11296: result: yes
configure:11304: checking if gcc supports -c -o file.o
configure:11352: result: yes
configure:11385: checking whether the gcc linker (/usr/bin/ld -m elf_x86_64) supports shared libraries
configure:12655: result: yes
configure:12692: checking whether -lc should be explicitly linked in
configure:12701: gcc -c -g -O2  conftest.c >&5
configure:12704: $? = 0
configure:12719: gcc -shared  -fPIC -DPIC conftest.o  -v -Wl,-soname -Wl,conftest -o conftest 2\>\&1 \| /usr/bin/grep  -lc  \>/dev/null 2\>\&1
configure:12722: $? = 0
configure:12736: result: no
configure:12896: checking dynamic linker characteristics
configure:13478: gcc -o conftest -g -O2   -Wl,-rpath -Wl,/foo conftest.c  >&5
configure:13478: $? = 0
configure:13729: result: GNU/Linux ld.so
configure:13851: checking how to hardcode library paths into programs
configure:13876: result: immediate
configure:14428: checking whether stripping libraries is possible
configure:14433: result: yes
configure:14468: checking if libtool supports shared libraries
configure:14470: result: yes
configure:14473: checking whether to build shared libraries
configure:14498: result: yes
configure:14501: checking whether to build static libraries
configure:14505: result: yes
configure:14528: checking how to run the C++ preprocessor
configure:14592: result: g++ -E
configure:14606: g++ -E  conftest.cpp
configure:14606: $? = 0
configure:14621: g++ -E  conftest.cpp
conftest.cpp:21:10: fatal error: ac_nonexistent.h: No such file or directory
   21 | #include <ac_nonexistent.h>
      |          ^~~~~~~~~~~~~~~~~~
compilation terminated.
configure:14621: $? = 1
configure: failed program was:
| /* confdefs.h */
| #define PACKAGE_NAME "libcaca"
| #define PACKAGE_TARNAME "libcaca"
| #define PACKAGE_VERSION "0.99.beta19"
| #define PACKAGE_STRING "libcaca 0.99.beta19"
| #define PACKAGE_BUGREPORT ""
| #define PACKAGE_URL ""
| #define HAVE_STDIO_H 1
| #define HAVE_STDLIB_H 1
| #define HAVE_STRING_H 1
| #define HAVE_INTTYPES_H 1
| #define HAVE_STDINT_H 1
| #define HAVE_STRINGS_H 1
| #define HAVE_SYS_STAT_H 1
| #define HAVE_SYS_TYPES_H 1
| #define HAVE_UNISTD_H 1
| #define STDC_HEADERS 1
| #define HAVE_DLFCN_H 1
| #define LT_OBJDIR ".libs/"
| /* end confdefs.h.  */
| #include <ac_nonexistent.h>
configure:14786: checking for ld used by g++
configure:14854: result: /usr/bin/ld -m elf_x86_64
configure:14861: checking if the linker (/usr/bin/ld -m elf_x86_64) is GNU ld
configure:14877: result: yes
configure:14932: checking whether the g++ linker (/usr/bin/ld -m elf_x86_64) supports shared libraries
configure:16009: result: yes
configure:16045: g++ -c -g -O2  conftest.cpp >&5
configure:16048: $? = 0
configure:16529: checking for g++ option to produce PIC
configure:16537: result: -fPIC -DPIC
configure:16545: checking if g++ PIC flag -fPIC -DPIC works
configure:16564: g++ -c -g -O2  -fPIC -DPIC -DPIC conftest.cpp >&5
configure:16568: $? = 0
configure:16581: result: yes
configure:16604: checking if g++ static flag -static works
configure:16633: result: yes
configure:16645: checking if g++ supports -c -o file.o
configure:16667: g++ -c -g -O2  -o out/conftest2.o conftest.cpp >&5
configure:16671: $? = 0
configure:16693: result: yes
configure:16698: checking if g++ supports -c -o file.o
configure:16746: result: yes
configure:16776: checking whether the g++ linker (/usr/bin/ld -m elf_x86_64) supports shared libraries
configure:16819: result: yes
configure:16961: checking dynamic linker characteristics
configure:17721: result: GNU/Linux ld.so
configure:17786: checking how to hardcode library paths into programs
configure:17811: result: immediate
configure:17874: checking for an ANSI C-conforming const
configure:17941: gcc -c -g -O2  conftest.c >&5
configure:17941: $? = 0
configure:17949: result: yes
configure:17957: checking for inline
configure:17974: gcc -c -g -O2  conftest.c >&5
configure:17974: $? = 0
configure:17983: result: inline
configure:18001: checking return type of signal handlers
configure:18020: gcc -c -g -O2  conftest.c >&5
conftest.c: In function 'main':
conftest.c:27:10: error: void value not ignored as it ought to be
   27 | return *(signal (0, 0)) (0) == 1;
      |         ~^~~~~~~~~~~~~~~~~~
configure:18020: $? = 1
configure: failed program was:
| /* confdefs.h */
| #define PACKAGE_NAME "libcaca"
| #define PACKAGE_TARNAME "libcaca"
| #define PACKAGE_VERSION "0.99.beta19"
| #define PACKAGE_STRING "libcaca 0.99.beta19"
| #define PACKAGE_BUGREPORT ""
| #define PACKAGE_URL ""
| #define HAVE_STDIO_H 1
| #define HAVE_STDLIB_H 1
| #define HAVE_STRING_H 1
| #define HAVE_INTTYPES_H 1
| #define HAVE_STDINT_H 1
| #define HAVE_STRINGS_H 1
| #define HAVE_SYS_STAT_H 1
| #define HAVE_SYS_TYPES_H 1
| #define HAVE_UNISTD_H 1
| #define STDC_HEADERS 1
| #define HAVE_DLFCN_H 1
| #define LT_OBJDIR ".libs/"
| /* end confdefs.h.  */
| #include <sys/types.h>
| #include <signal.h>
| 
| int
| main (void)
| {
| return *(signal (0, 0)) (0) == 1;
|   ;
|   return 0;
| }
configure:18028: result: void
configure:18106: checking for pkg-config
configure:18129: found /usr/bin/pkg-config
configure:18141: result: /usr/bin/pkg-config
configure:18166: checking pkg-config is at least version 0.9.0
configure:18169: result: yes
configure:18182: checking for suffix of libraries
configure:18189: result: .so.0
configure:18350: checking for stdio.h
configure:18350: result: yes
configure:18356: checking for stdarg.h
configure:18356: gcc -c -g -O2  conftest.c >&5
configure:18356: $? = 0
configure:18356: result: yes
configure:18362: checking for signal.h
configure:18362: gcc -c -g -O2  conftest.c >&5
configure:18362: $? = 0
configure:18362: result: yes
configure:18368: checking for sys/ioctl.h
configure:18368: gcc -c -g -O2  conftest.c >&5
configure:18368: $? = 0
configure:18368: result: yes
configure:18374: checking for sys/time.h
configure:18374: gcc -c -g -O2  conftest.c >&5
configure:18374: $? = 0
configure:18374: result: yes
configure:18380: checking for endian.h
configure:18380: gcc -c -g -O2  conftest.c >&5
configure:18380: $? = 0
configure:18380: result: yes
configure:18386: checking for unistd.h
configure:18386: result: yes
configure:18392: checking for arpa/inet.h
configure:18392: gcc -c -g -O2  conftest.c >&5
configure:18392: $? = 0
configure:18392: result: yes
configure:18398: checking for netinet/in.h
configure:18398: gcc -c -g -O2  conftest.c >&5
configure:18398: $? = 0
configure:18398: result: yes
configure:18404: checking for winsock2.h
configure:18404: gcc -c -g -O2  conftest.c >&5
conftest.c:59:10: fatal error: winsock2.h: No such file or directory
   59 | #include <winsock2.h>
      |          ^~~~~~~~~~~~
compilation terminated.
configure:18404: $? = 1
configure: failed program was:
| /* confdefs.h */
| #define PACKAGE_NAME "libcaca"
| #define PACKAGE_TARNAME "libcaca"
| #define PACKAGE_VERSION "0.99.beta19"
| #define PACKAGE_STRING "libcaca 0.99.beta19"
| #define PACKAGE_BUGREPORT ""
| #define PACKAGE_URL ""
| #define HAVE_STDIO_H 1
| #define HAVE_STDLIB_H 1
| #define HAVE_STRING_H 1
| #define HAVE_INTTYPES_H 1
| #define HAVE_STDINT_H 1
| #define HAVE_STRINGS_H 1
| #define HAVE_SYS_STAT_H 1
| #define HAVE_SYS_TYPES_H 1
| #define HAVE_UNISTD_H 1
| #define STDC_HEADERS 1
| #define HAVE_DLFCN_H 1
| #define LT_OBJDIR ".libs/"
| #define RETSIGTYPE void
| #define HAVE_STDIO_H 1
| #define HAVE_STDARG_H 1
| #define HAVE_SIGNAL_H 1
| #define HAVE_SYS_IOCTL_H 1
| #define HAVE_SYS_TIME_H 1
| #define HAVE_ENDIAN_H 1
| #define HAVE_UNISTD_H 1
| #define HAVE_ARPA_INET_H 1
| #define HAVE_NETINET_IN_H 1
| /* end confdefs.h.  */
| #include <stddef.h>
| #ifdef HAVE_STDIO_H
| # include <stdio.h>
| #endif
| #ifdef HAVE_STDLIB_H
| # include <stdlib.h>
| #endif
| #ifdef HAVE_STRING_H
| # include <string.h>
| #endif
| #ifdef HAVE_INTTYPES_H
| # include <inttypes.h>
| #endif
| #ifdef HAVE_STDINT_H
| # include <stdint.h>
| #endif
| #ifdef HAVE_STRINGS_H
| # include <strings.h>
| #endif
| #ifdef HAVE_SYS_TYPES_H
| # include <sys/types.h>
| #endif
| #ifdef HAVE_SYS_STAT_H
| # include <sys/stat.h>
| #endif
| #ifdef HAVE_UNISTD_H
| # include <unistd.h>
| #endif
| #include <winsock2.h>
configure:18404: result: no
configure:18410: checking for errno.h
configure:18410: gcc -c -g -O2  conftest.c >&5
configure:18410: $? = 0
configure:18410: result: yes
configure:18416: checking for locale.h
configure:18416: gcc -c -g -O2  conftest.c >&5
configure:18416: $? = 0
configure:18416: result: yes
configure:18422: checking for getopt.h
configure:18422: gcc -c -g -O2  conftest.c >&5
configure:18422: $? = 0
configure:18422: result: yes
configure:18428: checking for dlfcn.h
configure:18428: result: yes
configure:18434: checking for termios.h
configure:18434: gcc -c -g -O2  conftest.c >&5
configure:18434: $? = 0
configure:18434: result: yes
configure:18441: checking for signal
configure:18441: gcc -o conftest -g -O2   conftest.c  >&5
configure:18441: $? = 0
configure:18441: result: yes
configure:18447: checking for ioctl
configure:18447: gcc -o conftest -g -O2   conftest.c  >&5
configure:18447: $? = 0
configure:18447: result: yes
configure:18453: checking for snprintf
configure:18453: gcc -o conftest -g -O2   conftest.c  >&5
conftest.c:54:6: warning: conflicting types for built-in function 'snprintf'; expected 'int(char *, long unsigned int,  const char *, ...)' [-Wbuiltin-declaration-mismatch]
   54 | char snprintf ();
      |      ^~~~~~~~
conftest.c:46:1: note: 'snprintf' is declared in header '<stdio.h>'
   45 | #include <limits.h>
   46 | #undef snprintf
configure:18453: $? = 0
configure:18453: result: yes
configure:18459: checking for sprintf_s
configure:18459: gcc -o conftest -g -O2   conftest.c  >&5
/usr/bin/ld: /tmp/ccZ43bvz.o: in function `main':
/data/Projects/2022_pmc_defender/experiments/toilet_attack/libcaca-0.99.beta19/conftest.c:66: undefined reference to `sprintf_s'
collect2: error: ld returned 1 exit status
configure:18459: $? = 1
configure: failed program was:
| /* confdefs.h */
| #define PACKAGE_NAME "libcaca"
| #define PACKAGE_TARNAME "libcaca"
| #define PACKAGE_VERSION "0.99.beta19"
| #define PACKAGE_STRING "libcaca 0.99.beta19"
| #define PACKAGE_BUGREPORT ""
| #define PACKAGE_URL ""
| #define HAVE_STDIO_H 1
| #define HAVE_STDLIB_H 1
| #define HAVE_STRING_H 1
| #define HAVE_INTTYPES_H 1
| #define HAVE_STDINT_H 1
| #define HAVE_STRINGS_H 1
| #define HAVE_SYS_STAT_H 1
| #define HAVE_SYS_TYPES_H 1
| #define HAVE_UNISTD_H 1
| #define STDC_HEADERS 1
| #define HAVE_DLFCN_H 1
| #define LT_OBJDIR ".libs/"
| #define RETSIGTYPE void
| #define HAVE_STDIO_H 1
| #define HAVE_STDARG_H 1
| #define HAVE_SIGNAL_H 1
| #define HAVE_SYS_IOCTL_H 1
| #define HAVE_SYS_TIME_H 1
| #define HAVE_ENDIAN_H 1
| #define HAVE_UNISTD_H 1
| #define HAVE_ARPA_INET_H 1
| #define HAVE_NETINET_IN_H 1
| #define HAVE_ERRNO_H 1
| #define HAVE_LOCALE_H 1
| #define HAVE_GETOPT_H 1
| #define HAVE_DLFCN_H 1
| #define HAVE_TERMIOS_H 1
| #define HAVE_SIGNAL 1
| #define HAVE_IOCTL 1
| #define HAVE_SNPRINTF 1
| /* end confdefs.h.  */
| /* Define sprintf_s to an innocuous variant, in case <limits.h> declares sprintf_s.
|    For example, HP-UX 11i <limits.h> declares gettimeofday.  */
| #define sprintf_s innocuous_sprintf_s
| 
| /* System header to define __stub macros and hopefully few prototypes,
|    which can conflict with char sprintf_s (); below.  */
| 
| #include <limits.h>
| #undef sprintf_s
| 
| /* Override any GCC internal prototype to avoid an error.
|    Use char because int might match the return type of a GCC
|    builtin and then its argument prototype would still apply.  */
| #ifdef __cplusplus
| extern "C"
| #endif
| char sprintf_s ();
| /* The GNU C library defines this for functions which it implements
|     to always fail with ENOSYS.  Some functions are actually named
|     something starting with __ and the normal name is an alias.  */
| #if defined __stub_sprintf_s || defined __stub___sprintf_s
| choke me
| #endif
| 
| int
| main (void)
| {
| return sprintf_s ();
|   ;
|   return 0;
| }
configure:18459: result: no
configure:18465: checking for vsnprintf
configure:18465: gcc -o conftest -g -O2   conftest.c  >&5
conftest.c:55:6: warning: conflicting types for built-in function 'vsnprintf'; expected 'int(char *, long unsigned int,  const char *, __va_list_tag *)' [-Wbuiltin-declaration-mismatch]
   55 | char vsnprintf ();
      |      ^~~~~~~~~
conftest.c:47:1: note: 'vsnprintf' is declared in header '<stdio.h>'
   46 | #include <limits.h>
   47 | #undef vsnprintf
configure:18465: $? = 0
configure:18465: result: yes
configure:18471: checking for vsnprintf_s
configure:18471: gcc -o conftest -g -O2   conftest.c  >&5
/usr/bin/ld: /tmp/ccL18noq.o: in function `main':
/data/Projects/2022_pmc_defender/experiments/toilet_attack/libcaca-0.99.beta19/conftest.c:67: undefined reference to `vsnprintf_s'
collect2: error: ld returned 1 exit status
configure:18471: $? = 1
configure: failed program was:
| /* confdefs.h */
| #define PACKAGE_NAME "libcaca"
| #define PACKAGE_TARNAME "libcaca"
| #define PACKAGE_VERSION "0.99.beta19"
| #define PACKAGE_STRING "libcaca 0.99.beta19"
| #define PACKAGE_BUGREPORT ""
| #define PACKAGE_URL ""
| #define HAVE_STDIO_H 1
| #define HAVE_STDLIB_H 1
| #define HAVE_STRING_H 1
| #define HAVE_INTTYPES_H 1
| #define HAVE_STDINT_H 1
| #define HAVE_STRINGS_H 1
| #define HAVE_SYS_STAT_H 1
| #define HAVE_SYS_TYPES_H 1
| #define HAVE_UNISTD_H 1
| #define STDC_HEADERS 1
| #define HAVE_DLFCN_H 1
| #define LT_OBJDIR ".libs/"
| #define RETSIGTYPE void
| #define HAVE_STDIO_H 1
| #define HAVE_STDARG_H 1
| #define HAVE_SIGNAL_H 1
| #define HAVE_SYS_IOCTL_H 1
| #define HAVE_SYS_TIME_H 1
| #define HAVE_ENDIAN_H 1
| #define HAVE_UNISTD_H 1
| #define HAVE_ARPA_INET_H 1
| #define HAVE_NETINET_IN_H 1
| #define HAVE_ERRNO_H 1
| #define HAVE_LOCALE_H 1
| #define HAVE_GETOPT_H 1
| #define HAVE_DLFCN_H 1
| #define HAVE_TERMIOS_H 1
| #define HAVE_SIGNAL 1
| #define HAVE_IOCTL 1
| #define HAVE_SNPRINTF 1
| #define HAVE_VSNPRINTF 1
| /* end confdefs.h.  */
| /* Define vsnprintf_s to an innocuous variant, in case <limits.h> declares vsnprintf_s.
|    For example, HP-UX 11i <limits.h> declares gettimeofday.  */
| #define vsnprintf_s innocuous_vsnprintf_s
| 
| /* System header to define __stub macros and hopefully few prototypes,
|    which can conflict with char vsnprintf_s (); below.  */
| 
| #include <limits.h>
| #undef vsnprintf_s
| 
| /* Override any GCC internal prototype to avoid an error.
|    Use char because int might match the return type of a GCC
|    builtin and then its argument prototype would still apply.  */
| #ifdef __cplusplus
| extern "C"
| #endif
| char vsnprintf_s ();
| /* The GNU C library defines this for functions which it implements
|     to always fail with ENOSYS.  Some functions are actually named
|     something starting with __ and the normal name is an alias.  */
| #if defined __stub_vsnprintf_s || defined __stub___vsnprintf_s
| choke me
| #endif
| 
| int
| main (void)
| {
| return vsnprintf_s ();
|   ;
|   return 0;
| }
configure:18471: result: no
configure:18477: checking for getenv
configure:18477: gcc -o conftest -g -O2   conftest.c  >&5
configure:18477: $? = 0
configure:18477: result: yes
configure:18483: checking for putenv
configure:18483: gcc -o conftest -g -O2   conftest.c  >&5
configure:18483: $? = 0
configure:18483: result: yes
configure:18489: checking for strcasecmp
configure:18489: gcc -o conftest -g -O2   conftest.c  >&5
conftest.c:58:6: warning: conflicting types for built-in function 'strcasecmp'; expected 'int(const char *, const char *)' [-Wbuiltin-declaration-mismatch]
   58 | char strcasecmp ();
      |      ^~~~~~~~~~
configure:18489: $? = 0
configure:18489: result: yes
configure:18495: checking for htons
configure:18495: gcc -o conftest -g -O2   conftest.c  >&5
configure:18495: $? = 0
configure:18495: result: yes
configure:18502: checking for usleep
configure:18502: gcc -o conftest -g -O2   conftest.c  >&5
configure:18502: $? = 0
configure:18502: result: yes
configure:18508: checking for gettimeofday
configure:18508: gcc -o conftest -g -O2   conftest.c  >&5
configure:18508: $? = 0
configure:18508: result: yes
configure:18514: checking for atexit
configure:18514: gcc -o conftest -g -O2   conftest.c  >&5
configure:18514: $? = 0
configure:18514: result: yes
configure:18526: checking for getopt_long
configure:18526: gcc -o conftest -g -O2   conftest.c  >&5
configure:18526: $? = 0
configure:18526: result: yes
configure:18583: checking for Sleep
configure:18596: gcc -c -g -O2  conftest.c >&5
conftest.c:49:10: fatal error: windows.h: No such file or directory
   49 | #include <windows.h>
      |          ^~~~~~~~~~~
compilation terminated.
configure:18596: $? = 1
configure: failed program was:
| /* confdefs.h */
| #define PACKAGE_NAME "libcaca"
| #define PACKAGE_TARNAME "libcaca"
| #define PACKAGE_VERSION "0.99.beta19"
| #define PACKAGE_STRING "libcaca 0.99.beta19"
| #define PACKAGE_BUGREPORT ""
| #define PACKAGE_URL ""
| #define HAVE_STDIO_H 1
| #define HAVE_STDLIB_H 1
| #define HAVE_STRING_H 1
| #define HAVE_INTTYPES_H 1
| #define HAVE_STDINT_H 1
| #define HAVE_STRINGS_H 1
| #define HAVE_SYS_STAT_H 1
| #define HAVE_SYS_TYPES_H 1
| #define HAVE_UNISTD_H 1
| #define STDC_HEADERS 1
| #define HAVE_DLFCN_H 1
| #define LT_OBJDIR ".libs/"
| #define RETSIGTYPE void
| #define HAVE_STDIO_H 1
| #define HAVE_STDARG_H 1
| #define HAVE_SIGNAL_H 1
| #define HAVE_SYS_IOCTL_H 1
| #define HAVE_SYS_TIME_H 1
| #define HAVE_ENDIAN_H 1
| #define HAVE_UNISTD_H 1
| #define HAVE_ARPA_INET_H 1
| #define HAVE_NETINET_IN_H 1
| #define HAVE_ERRNO_H 1
| #define HAVE_LOCALE_H 1
| #define HAVE_GETOPT_H 1
| #define HAVE_DLFCN_H 1
| #define HAVE_TERMIOS_H 1
| #define HAVE_SIGNAL 1
| #define HAVE_IOCTL 1
| #define HAVE_SNPRINTF 1
| #define HAVE_VSNPRINTF 1
| #define HAVE_GETENV 1
| #define HAVE_PUTENV 1
| #define HAVE_STRCASECMP 1
| #define HAVE_HTONS 1
| #define HAVE_USLEEP 1
| #define HAVE_GETTIMEOFDAY 1
| #define HAVE_ATEXIT 1
| #define HAVE_GETOPT_LONG 1
| #define HAVE_GETOPT_LONG 1
| /* end confdefs.h.  */
| #include <windows.h>
| int
| main (void)
| {
| Sleep(42);
|   ;
|   return 0;
| }
configure:18604: result: no
configure:18609: checking for fsin/fcos
configure:18622: gcc -c -g -O2  conftest.c >&5
configure:18622: $? = 0
configure:18624: result: yes
configure:18635: checking for fldln2/fxch/fyl2x
configure:18648: gcc -c -g -O2  conftest.c >&5
configure:18648: $? = 0
configure:18650: result: yes
configure:18661: checking for zlib.h
configure:18661: gcc -c -g -O2  conftest.c >&5
configure:18661: $? = 0
configure:18661: result: yes
configure:18668: checking for gzopen in -lz
configure:18691: gcc -o conftest -g -O2   conftest.c -lz   >&5
configure:18691: $? = 0
configure:18701: result: yes
configure:18709: checking for sin in -lm
configure:18732: gcc -o conftest -g -O2   conftest.c -lm   >&5
conftest.c:56:6: warning: conflicting types for built-in function 'sin'; expected 'double(double)' [-Wbuiltin-declaration-mismatch]
   56 | char sin ();
      |      ^~~
conftest.c:1:1: note: 'sin' is declared in header '<math.h>'
    1 | /* confdefs.h */
configure:18732: $? = 0
configure:18742: result: yes
configure:18756: checking for conio.h
configure:18756: gcc -c -g -O2  conftest.c >&5
conftest.c:80:10: fatal error: conio.h: No such file or directory
   80 | #include <conio.h>
      |          ^~~~~~~~~
compilation terminated.
configure:18756: $? = 1
configure: failed program was:
| /* confdefs.h */
| #define PACKAGE_NAME "libcaca"
| #define PACKAGE_TARNAME "libcaca"
| #define PACKAGE_VERSION "0.99.beta19"
| #define PACKAGE_STRING "libcaca 0.99.beta19"
| #define PACKAGE_BUGREPORT ""
| #define PACKAGE_URL ""
| #define HAVE_STDIO_H 1
| #define HAVE_STDLIB_H 1
| #define HAVE_STRING_H 1
| #define HAVE_INTTYPES_H 1
| #define HAVE_STDINT_H 1
| #define HAVE_STRINGS_H 1
| #define HAVE_SYS_STAT_H 1
| #define HAVE_SYS_TYPES_H 1
| #define HAVE_UNISTD_H 1
| #define STDC_HEADERS 1
| #define HAVE_DLFCN_H 1
| #define LT_OBJDIR ".libs/"
| #define RETSIGTYPE void
| #define HAVE_STDIO_H 1
| #define HAVE_STDARG_H 1
| #define HAVE_SIGNAL_H 1
| #define HAVE_SYS_IOCTL_H 1
| #define HAVE_SYS_TIME_H 1
| #define HAVE_ENDIAN_H 1
| #define HAVE_UNISTD_H 1
| #define HAVE_ARPA_INET_H 1
| #define HAVE_NETINET_IN_H 1
| #define HAVE_ERRNO_H 1
| #define HAVE_LOCALE_H 1
| #define HAVE_GETOPT_H 1
| #define HAVE_DLFCN_H 1
| #define HAVE_TERMIOS_H 1
| #define HAVE_SIGNAL 1
| #define HAVE_IOCTL 1
| #define HAVE_SNPRINTF 1
| #define HAVE_VSNPRINTF 1
| #define HAVE_GETENV 1
| #define HAVE_PUTENV 1
| #define HAVE_STRCASECMP 1
| #define HAVE_HTONS 1
| #define HAVE_USLEEP 1
| #define HAVE_GETTIMEOFDAY 1
| #define HAVE_ATEXIT 1
| #define HAVE_GETOPT_LONG 1
| #define HAVE_GETOPT_LONG 1
| #define HAVE_FSIN_FCOS 1
| #define HAVE_FLDLN2 1
| #define HAVE_ZLIB_H 1
| /* end confdefs.h.  */
| #include <stddef.h>
| #ifdef HAVE_STDIO_H
| # include <stdio.h>
| #endif
| #ifdef HAVE_STDLIB_H
| # include <stdlib.h>
| #endif
| #ifdef HAVE_STRING_H
| # include <string.h>
| #endif
| #ifdef HAVE_INTTYPES_H
| # include <inttypes.h>
| #endif
| #ifdef HAVE_STDINT_H
| # include <stdint.h>
| #endif
| #ifdef HAVE_STRINGS_H
| # include <strings.h>
| #endif
| #ifdef HAVE_SYS_TYPES_H
| # include <sys/types.h>
| #endif
| #ifdef HAVE_SYS_STAT_H
| # include <sys/stat.h>
| #endif
| #ifdef HAVE_UNISTD_H
| # include <unistd.h>
| #endif
| #include <conio.h>
configure:18756: result: no
configure:18798: checking for windows.h
configure:18798: gcc -c -g -O2  conftest.c >&5
conftest.c:80:10: fatal error: windows.h: No such file or directory
   80 | #include <windows.h>
      |          ^~~~~~~~~~~
compilation terminated.
configure:18798: $? = 1
configure: failed program was:
| /* confdefs.h */
| #define PACKAGE_NAME "libcaca"
| #define PACKAGE_TARNAME "libcaca"
| #define PACKAGE_VERSION "0.99.beta19"
| #define PACKAGE_STRING "libcaca 0.99.beta19"
| #define PACKAGE_BUGREPORT ""
| #define PACKAGE_URL ""
| #define HAVE_STDIO_H 1
| #define HAVE_STDLIB_H 1
| #define HAVE_STRING_H 1
| #define HAVE_INTTYPES_H 1
| #define HAVE_STDINT_H 1
| #define HAVE_STRINGS_H 1
| #define HAVE_SYS_STAT_H 1
| #define HAVE_SYS_TYPES_H 1
| #define HAVE_UNISTD_H 1
| #define STDC_HEADERS 1
| #define HAVE_DLFCN_H 1
| #define LT_OBJDIR ".libs/"
| #define RETSIGTYPE void
| #define HAVE_STDIO_H 1
| #define HAVE_STDARG_H 1
| #define HAVE_SIGNAL_H 1
| #define HAVE_SYS_IOCTL_H 1
| #define HAVE_SYS_TIME_H 1
| #define HAVE_ENDIAN_H 1
| #define HAVE_UNISTD_H 1
| #define HAVE_ARPA_INET_H 1
| #define HAVE_NETINET_IN_H 1
| #define HAVE_ERRNO_H 1
| #define HAVE_LOCALE_H 1
| #define HAVE_GETOPT_H 1
| #define HAVE_DLFCN_H 1
| #define HAVE_TERMIOS_H 1
| #define HAVE_SIGNAL 1
| #define HAVE_IOCTL 1
| #define HAVE_SNPRINTF 1
| #define HAVE_VSNPRINTF 1
| #define HAVE_GETENV 1
| #define HAVE_PUTENV 1
| #define HAVE_STRCASECMP 1
| #define HAVE_HTONS 1
| #define HAVE_USLEEP 1
| #define HAVE_GETTIMEOFDAY 1
| #define HAVE_ATEXIT 1
| #define HAVE_GETOPT_LONG 1
| #define HAVE_GETOPT_LONG 1
| #define HAVE_FSIN_FCOS 1
| #define HAVE_FLDLN2 1
| #define HAVE_ZLIB_H 1
| /* end confdefs.h.  */
| #include <stddef.h>
| #ifdef HAVE_STDIO_H
| # include <stdio.h>
| #endif
| #ifdef HAVE_STDLIB_H
| # include <stdlib.h>
| #endif
| #ifdef HAVE_STRING_H
| # include <string.h>
| #endif
| #ifdef HAVE_INTTYPES_H
| # include <inttypes.h>
| #endif
| #ifdef HAVE_STDINT_H
| # include <stdint.h>
| #endif
| #ifdef HAVE_STRINGS_H
| # include <strings.h>
| #endif
| #ifdef HAVE_SYS_TYPES_H
| # include <sys/types.h>
| #endif
| #ifdef HAVE_SYS_STAT_H
| # include <sys/stat.h>
| #endif
| #ifdef HAVE_UNISTD_H
| # include <unistd.h>
| #endif
| #include <windows.h>
configure:18798: result: no
configure:18841: checking for slang.h
configure:18841: gcc -c -g -O2  conftest.c >&5
configure:18841: $? = 0
configure:18841: result: yes
configure:18851: checking for SLsmg_utf8_enable in -lslang
configure:18874: gcc -o conftest -g -O2   conftest.c -lslang   >&5
configure:18874: $? = 0
configure:18884: result: yes
configure:18906: checking for X
configure:18944: gcc -o conftest -g -O2  -DOPTIMISE_SLANG_PALETTE=1  conftest.c -lX11  >&5
configure:18944: $? = 0
configure:19131: result: libraries , headers 
configure:19135: checking for XOpenDisplay in -lX11
configure:19158: gcc -o conftest -g -O2  -DOPTIMISE_SLANG_PALETTE=1  conftest.c -lX11   >&5
configure:19158: $? = 0
configure:19168: result: yes
configure:19185: checking for X11/XKBlib.h
configure:19185: gcc -c -g -O2  -DOPTIMISE_SLANG_PALETTE=1  conftest.c >&5
configure:19185: $? = 0
configure:19185: result: yes
configure:19202: checking for GL/gl.h
configure:19202: gcc -c -g -O2  -DOPTIMISE_SLANG_PALETTE=1  conftest.c >&5
configure:19202: $? = 0
configure:19202: result: yes
configure:19210: checking for GL/glut.h
configure:19210: gcc -c -g -O2  -DOPTIMISE_SLANG_PALETTE=1  conftest.c >&5
conftest.c:86:10: fatal error: GL/glut.h: No such file or directory
   86 | #include <GL/glut.h>
      |          ^~~~~~~~~~~
compilation terminated.
configure:19210: $? = 1
configure: failed program was:
| /* confdefs.h */
| #define PACKAGE_NAME "libcaca"
| #define PACKAGE_TARNAME "libcaca"
| #define PACKAGE_VERSION "0.99.beta19"
| #define PACKAGE_STRING "libcaca 0.99.beta19"
| #define PACKAGE_BUGREPORT ""
| #define PACKAGE_URL ""
| #define HAVE_STDIO_H 1
| #define HAVE_STDLIB_H 1
| #define HAVE_STRING_H 1
| #define HAVE_INTTYPES_H 1
| #define HAVE_STDINT_H 1
| #define HAVE_STRINGS_H 1
| #define HAVE_SYS_STAT_H 1
| #define HAVE_SYS_TYPES_H 1
| #define HAVE_UNISTD_H 1
| #define STDC_HEADERS 1
| #define HAVE_DLFCN_H 1
| #define LT_OBJDIR ".libs/"
| #define RETSIGTYPE void
| #define HAVE_STDIO_H 1
| #define HAVE_STDARG_H 1
| #define HAVE_SIGNAL_H 1
| #define HAVE_SYS_IOCTL_H 1
| #define HAVE_SYS_TIME_H 1
| #define HAVE_ENDIAN_H 1
| #define HAVE_UNISTD_H 1
| #define HAVE_ARPA_INET_H 1
| #define HAVE_NETINET_IN_H 1
| #define HAVE_ERRNO_H 1
| #define HAVE_LOCALE_H 1
| #define HAVE_GETOPT_H 1
| #define HAVE_DLFCN_H 1
| #define HAVE_TERMIOS_H 1
| #define HAVE_SIGNAL 1
| #define HAVE_IOCTL 1
| #define HAVE_SNPRINTF 1
| #define HAVE_VSNPRINTF 1
| #define HAVE_GETENV 1
| #define HAVE_PUTENV 1
| #define HAVE_STRCASECMP 1
| #define HAVE_HTONS 1
| #define HAVE_USLEEP 1
| #define HAVE_GETTIMEOFDAY 1
| #define HAVE_ATEXIT 1
| #define HAVE_GETOPT_LONG 1
| #define HAVE_GETOPT_LONG 1
| #define HAVE_FSIN_FCOS 1
| #define HAVE_FLDLN2 1
| #define HAVE_ZLIB_H 1
| #define HAVE_SLANG_H 1
| #define USE_SLANG 1
| #define HAVE_SLSMG_UTF8_ENABLE 1
| #define USE_X11 1
| #define HAVE_X11_XKBLIB_H 1
| #define HAVE_GL_GL_H 1
| /* end confdefs.h.  */
| #include <stddef.h>
| #ifdef HAVE_STDIO_H
| # include <stdio.h>
| #endif
| #ifdef HAVE_STDLIB_H
| # include <stdlib.h>
| #endif
| #ifdef HAVE_STRING_H
| # include <string.h>
| #endif
| #ifdef HAVE_INTTYPES_H
| # include <inttypes.h>
| #endif
| #ifdef HAVE_STDINT_H
| # include <stdint.h>
| #endif
| #ifdef HAVE_STRINGS_H
| # include <strings.h>
| #endif
| #ifdef HAVE_SYS_TYPES_H
| # include <sys/types.h>
| #endif
| #ifdef HAVE_SYS_STAT_H
| # include <sys/stat.h>
| #endif
| #ifdef HAVE_UNISTD_H
| # include <unistd.h>
| #endif
| #include <GL/glut.h>
configure:19210: result: no
configure:19357: checking for ftgl >= 2.1.3
configure:19364: $PKG_CONFIG --exists --print-errors "ftgl >= 2.1.3"
Package ftgl was not found in the pkg-config search path.
Perhaps you should add the directory containing `ftgl.pc'
to the PKG_CONFIG_PATH environment variable
No package 'ftgl' found
configure:19367: $? = 1
configure:19381: $PKG_CONFIG --exists --print-errors "ftgl >= 2.1.3"
Package ftgl was not found in the pkg-config search path.
Perhaps you should add the directory containing `ftgl.pc'
to the PKG_CONFIG_PATH environment variable
No package 'ftgl' found
configure:19384: $? = 1
configure:19398: result: no
No package 'ftgl' found
configure:19440: checking for Cocoa/Cocoa.h
configure:19440: gcc -c -g -O2  -DOPTIMISE_SLANG_PALETTE=1  conftest.c >&5
conftest.c:86:10: fatal error: Cocoa/Cocoa.h: No such file or directory
   86 | #include <Cocoa/Cocoa.h>
      |          ^~~~~~~~~~~~~~~
compilation terminated.
configure:19440: $? = 1
configure: failed program was:
| /* confdefs.h */
| #define PACKAGE_NAME "libcaca"
| #define PACKAGE_TARNAME "libcaca"
| #define PACKAGE_VERSION "0.99.beta19"
| #define PACKAGE_STRING "libcaca 0.99.beta19"
| #define PACKAGE_BUGREPORT ""
| #define PACKAGE_URL ""
| #define HAVE_STDIO_H 1
| #define HAVE_STDLIB_H 1
| #define HAVE_STRING_H 1
| #define HAVE_INTTYPES_H 1
| #define HAVE_STDINT_H 1
| #define HAVE_STRINGS_H 1
| #define HAVE_SYS_STAT_H 1
| #define HAVE_SYS_TYPES_H 1
| #define HAVE_UNISTD_H 1
| #define STDC_HEADERS 1
| #define HAVE_DLFCN_H 1
| #define LT_OBJDIR ".libs/"
| #define RETSIGTYPE void
| #define HAVE_STDIO_H 1
| #define HAVE_STDARG_H 1
| #define HAVE_SIGNAL_H 1
| #define HAVE_SYS_IOCTL_H 1
| #define HAVE_SYS_TIME_H 1
| #define HAVE_ENDIAN_H 1
| #define HAVE_UNISTD_H 1
| #define HAVE_ARPA_INET_H 1
| #define HAVE_NETINET_IN_H 1
| #define HAVE_ERRNO_H 1
| #define HAVE_LOCALE_H 1
| #define HAVE_GETOPT_H 1
| #define HAVE_DLFCN_H 1
| #define HAVE_TERMIOS_H 1
| #define HAVE_SIGNAL 1
| #define HAVE_IOCTL 1
| #define HAVE_SNPRINTF 1
| #define HAVE_VSNPRINTF 1
| #define HAVE_GETENV 1
| #define HAVE_PUTENV 1
| #define HAVE_STRCASECMP 1
| #define HAVE_HTONS 1
| #define HAVE_USLEEP 1
| #define HAVE_GETTIMEOFDAY 1
| #define HAVE_ATEXIT 1
| #define HAVE_GETOPT_LONG 1
| #define HAVE_GETOPT_LONG 1
| #define HAVE_FSIN_FCOS 1
| #define HAVE_FLDLN2 1
| #define HAVE_ZLIB_H 1
| #define HAVE_SLANG_H 1
| #define USE_SLANG 1
| #define HAVE_SLSMG_UTF8_ENABLE 1
| #define USE_X11 1
| #define HAVE_X11_XKBLIB_H 1
| #define HAVE_GL_GL_H 1
| /* end confdefs.h.  */
| #include <stddef.h>
| #ifdef HAVE_STDIO_H
| # include <stdio.h>
| #endif
| #ifdef HAVE_STDLIB_H
| # include <stdlib.h>
| #endif
| #ifdef HAVE_STRING_H
| # include <string.h>
| #endif
| #ifdef HAVE_INTTYPES_H
| # include <inttypes.h>
| #endif
| #ifdef HAVE_STDINT_H
| # include <stdint.h>
| #endif
| #ifdef HAVE_STRINGS_H
| # include <strings.h>
| #endif
| #ifdef HAVE_SYS_TYPES_H
| # include <sys/types.h>
| #endif
| #ifdef HAVE_SYS_STAT_H
| # include <sys/stat.h>
| #endif
| #ifdef HAVE_UNISTD_H
| # include <unistd.h>
| #endif
| #include <Cocoa/Cocoa.h>
configure:19440: result: no
configure:19505: checking for ncursesw/ncurses.h
configure:19505: gcc -c -g -O2  -DOPTIMISE_SLANG_PALETTE=1  conftest.c >&5
configure:19505: $? = 0
configure:19505: result: yes
configure:19512: checking for initscr in -lncursesw
configure:19535: gcc -o conftest -g -O2  -DOPTIMISE_SLANG_PALETTE=1   conftest.c -lncursesw   >&5
configure:19535: $? = 0
configure:19545: result: yes
configure:19604: checking for resizeterm
configure:19604: gcc -o conftest -g -O2  -DOPTIMISE_SLANG_PALETTE=1   conftest.c  -lncursesw >&5
configure:19604: $? = 0
configure:19604: result: yes
configure:19610: checking for resize_term
configure:19610: gcc -o conftest -g -O2  -DOPTIMISE_SLANG_PALETTE=1   conftest.c  -lncursesw >&5
configure:19610: $? = 0
configure:19610: result: yes
configure:19669: checking valid output drivers
configure:19678: result: slang x11 ncurses
configure:19703: checking working <iostream>
configure:19722: g++ -c -g -O2 -Wall -Wpointer-arith -Wcast-align -Wcast-qual -Wshadow -Wsign-compare  -DOPTIMISE_SLANG_PALETTE=1  conftest.cpp >&5
configure:19722: $? = 0
configure:19734: result: yes
configure:19751: checking for csc
configure:19787: result: no
configure:19798: checking for gmcs
configure:19834: result: no
configure:19846: checking for gacutil
configure:19882: result: no
configure:19909: checking for javac
configure:19932: found /usr/bin/javac
configure:19945: result: /usr/bin/javac
configure:19955: checking for javah
configure:19991: result: no
configure:20001: checking for jar
configure:20024: found /usr/bin/jar
configure:20037: result: /usr/bin/jar
configure:20145: checking for a Python interpreter with version >= 2.2
configure:20163: python -c import sys # split strings by '.' and convert to numeric. Append some zeros # because we need at least 4 digits for the hex conversion. # map returns an iterator in Python 3.0 and a list in 2.x minver = list(map(int, '2.2'.split('.'))) + [0, 0, 0] minverhex = 0 # xrange is not present in Python 3.0 and range returns an iterator for i in list(range(0, 4)): minverhex = (minverhex << 8) + minver[i] sys.exit(sys.hexversion < minverhex)
./configure: line 20164: python: command not found
configure:20166: $? = 127
configure:20163: python2 -c import sys # split strings by '.' and convert to numeric. Append some zeros # because we need at least 4 digits for the hex conversion. # map returns an iterator in Python 3.0 and a list in 2.x minver = list(map(int, '2.2'.split('.'))) + [0, 0, 0] minverhex = 0 # xrange is not present in Python 3.0 and range returns an iterator for i in list(range(0, 4)): minverhex = (minverhex << 8) + minver[i] sys.exit(sys.hexversion < minverhex)
configure:20166: $? = 0
configure:20173: result: python2
configure:20181: checking for python2
configure:20204: found /usr/bin/python2
configure:20216: result: /usr/bin/python2
configure:20233: checking for python2 version
configure:20241: result: 2.7
configure:20246: checking for python2 platform
configure:20254: result: linux2
configure:20315: checking for GNU default python2 prefix
configure:20317: result: ${prefix}
configure:20383: checking for GNU default python2 exec_prefix
configure:20385: result: ${exec_prefix}
configure:20416: checking for python2 script directory (pythondir)
configure:20458: result: ${PYTHON_PREFIX}/lib/python2.7/dist-packages
configure:20466: checking for python2 extension module directory (pyexecdir)
configure:20508: result: ${PYTHON_EXEC_PREFIX}/lib/python2.7/dist-packages
configure:20534: checking for ruby
configure:20557: found /usr/bin/ruby
configure:20570: result: /usr/bin/ruby
configure:20590: checking for ruby.h
configure:20590: gcc -c -g -O2 -g -O2 -fno-strength-reduce -fomit-frame-pointer -Wall -Wpointer-arith -Wcast-align -Wcast-qual -Wstrict-prototypes -Wshadow -Waggregate-return -Wmissing-prototypes -Wnested-externs -Wsign-compare  -DOPTIMISE_SLANG_PALETTE=1   conftest.c >&5
conftest.c:90:10: fatal error: ruby.h: No such file or directory
   90 | #include <ruby.h>
      |          ^~~~~~~~
compilation terminated.
configure:20590: $? = 1
configure: failed program was:
| /* confdefs.h */
| #define PACKAGE_NAME "libcaca"
| #define PACKAGE_TARNAME "libcaca"
| #define PACKAGE_VERSION "0.99.beta19"
| #define PACKAGE_STRING "libcaca 0.99.beta19"
| #define PACKAGE_BUGREPORT ""
| #define PACKAGE_URL ""
| #define HAVE_STDIO_H 1
| #define HAVE_STDLIB_H 1
| #define HAVE_STRING_H 1
| #define HAVE_INTTYPES_H 1
| #define HAVE_STDINT_H 1
| #define HAVE_STRINGS_H 1
| #define HAVE_SYS_STAT_H 1
| #define HAVE_SYS_TYPES_H 1
| #define HAVE_UNISTD_H 1
| #define STDC_HEADERS 1
| #define HAVE_DLFCN_H 1
| #define LT_OBJDIR ".libs/"
| #define RETSIGTYPE void
| #define HAVE_STDIO_H 1
| #define HAVE_STDARG_H 1
| #define HAVE_SIGNAL_H 1
| #define HAVE_SYS_IOCTL_H 1
| #define HAVE_SYS_TIME_H 1
| #define HAVE_ENDIAN_H 1
| #define HAVE_UNISTD_H 1
| #define HAVE_ARPA_INET_H 1
| #define HAVE_NETINET_IN_H 1
| #define HAVE_ERRNO_H 1
| #define HAVE_LOCALE_H 1
| #define HAVE_GETOPT_H 1
| #define HAVE_DLFCN_H 1
| #define HAVE_TERMIOS_H 1
| #define HAVE_SIGNAL 1
| #define HAVE_IOCTL 1
| #define HAVE_SNPRINTF 1
| #define HAVE_VSNPRINTF 1
| #define HAVE_GETENV 1
| #define HAVE_PUTENV 1
| #define HAVE_STRCASECMP 1
| #define HAVE_HTONS 1
| #define HAVE_USLEEP 1
| #define HAVE_GETTIMEOFDAY 1
| #define HAVE_ATEXIT 1
| #define HAVE_GETOPT_LONG 1
| #define HAVE_GETOPT_LONG 1
| #define HAVE_FSIN_FCOS 1
| #define HAVE_FLDLN2 1
| #define HAVE_ZLIB_H 1
| #define HAVE_SLANG_H 1
| #define USE_SLANG 1
| #define HAVE_SLSMG_UTF8_ENABLE 1
| #define USE_X11 1
| #define HAVE_X11_XKBLIB_H 1
| #define HAVE_GL_GL_H 1
| #define HAVE_NCURSESW_NCURSES_H 1
| #define USE_NCURSES 1
| #define HAVE_RESIZETERM 1
| #define HAVE_RESIZE_TERM 1
| /* end confdefs.h.  */
| #include <stddef.h>
| #ifdef HAVE_STDIO_H
| # include <stdio.h>
| #endif
| #ifdef HAVE_STDLIB_H
| # include <stdlib.h>
| #endif
| #ifdef HAVE_STRING_H
| # include <string.h>
| #endif
| #ifdef HAVE_INTTYPES_H
| # include <inttypes.h>
| #endif
| #ifdef HAVE_STDINT_H
| # include <stdint.h>
| #endif
| #ifdef HAVE_STRINGS_H
| # include <strings.h>
| #endif
| #ifdef HAVE_SYS_TYPES_H
| # include <sys/types.h>
| #endif
| #ifdef HAVE_SYS_STAT_H
| # include <sys/stat.h>
| #endif
| #ifdef HAVE_UNISTD_H
| # include <unistd.h>
| #endif
| #include <ruby.h>
configure:20590: result: no
configure:20610: checking available language bindings
configure:20617: result: C++
configure:20625: checking for sys/socket.h
configure:20625: gcc -c -g -O2 -g -O2 -fno-strength-reduce -fomit-frame-pointer -Wall -Wpointer-arith -Wcast-align -Wcast-qual -Wstrict-prototypes -Wshadow -Waggregate-return -Wmissing-prototypes -Wnested-externs -Wsign-compare  -DOPTIMISE_SLANG_PALETTE=1   conftest.c >&5
configure:20625: $? = 0
configure:20625: result: yes
configure:20646: checking for imlib2
configure:20653: $PKG_CONFIG --exists --print-errors "imlib2"
Package imlib2 was not found in the pkg-config search path.
Perhaps you should add the directory containing `imlib2.pc'
to the PKG_CONFIG_PATH environment variable
No package 'imlib2' found
configure:20656: $? = 1
configure:20670: $PKG_CONFIG --exists --print-errors "imlib2"
Package imlib2 was not found in the pkg-config search path.
Perhaps you should add the directory containing `imlib2.pc'
to the PKG_CONFIG_PATH environment variable
No package 'imlib2' found
configure:20673: $? = 1
configure:20687: result: no
No package 'imlib2' found
configure:20725: checking for pangoft2
configure:20732: $PKG_CONFIG --exists --print-errors "pangoft2"
configure:20735: $? = 0
configure:20749: $PKG_CONFIG --exists --print-errors "pangoft2"
configure:20752: $? = 0
configure:20790: result: yes
configure:20809: checking for doxygen
configure:20832: found /usr/bin/doxygen
configure:20845: result: /usr/bin/doxygen
configure:20857: checking for pdflatex
configure:20880: found /usr/bin/pdflatex
configure:20893: result: /usr/bin/pdflatex
configure:20903: checking for kpsewhich
configure:20926: found /usr/bin/kpsewhich
configure:20939: result: /usr/bin/kpsewhich
configure:20949: checking for dvips
configure:20972: found /usr/bin/dvips
configure:20985: result: /usr/bin/dvips
configure:20997: checking for a4.sty and a4wide.sty
configure:21001: result: yes
configure:21036: checking for cppunit
configure:21043: $PKG_CONFIG --exists --print-errors "cppunit"
Package cppunit was not found in the pkg-config search path.
Perhaps you should add the directory containing `cppunit.pc'
to the PKG_CONFIG_PATH environment variable
No package 'cppunit' found
configure:21046: $? = 1
configure:21060: $PKG_CONFIG --exists --print-errors "cppunit"
Package cppunit was not found in the pkg-config search path.
Perhaps you should add the directory containing `cppunit.pc'
to the PKG_CONFIG_PATH environment variable
No package 'cppunit' found
configure:21063: $? = 1
configure:21077: result: no
No package 'cppunit' found
configure:21119: checking for zzuf
configure:21155: result: no
configure:21279: checking that generated files are newer than configure
configure:21285: result: done
configure:21380: creating ./config.status

## ---------------- ##
## Cache variables. ##
## ---------------- ##

ac_cv_build=x86_64-pc-linux-gnu
ac_cv_c_compiler_gnu=yes
ac_cv_c_const=yes
ac_cv_c_inline=inline
ac_cv_cxx_compiler_gnu=yes
ac_cv_env_CCASFLAGS_set=
ac_cv_env_CCASFLAGS_value=
ac_cv_env_CCAS_set=
ac_cv_env_CCAS_value=
ac_cv_env_CCC_set=
ac_cv_env_CCC_value=
ac_cv_env_CC_set=
ac_cv_env_CC_value=
ac_cv_env_CFLAGS_set=
ac_cv_env_CFLAGS_value=
ac_cv_env_CPPFLAGS_set=
ac_cv_env_CPPFLAGS_value=
ac_cv_env_CPPUNIT_CFLAGS_set=
ac_cv_env_CPPUNIT_CFLAGS_value=
ac_cv_env_CPPUNIT_LIBS_set=
ac_cv_env_CPPUNIT_LIBS_value=
ac_cv_env_CPP_set=
ac_cv_env_CPP_value=
ac_cv_env_CXXCPP_set=
ac_cv_env_CXXCPP_value=
ac_cv_env_CXXFLAGS_set=
ac_cv_env_CXXFLAGS_value=
ac_cv_env_CXX_set=
ac_cv_env_CXX_value=
ac_cv_env_FTGL_CFLAGS_set=
ac_cv_env_FTGL_CFLAGS_value=
ac_cv_env_FTGL_LIBS_set=
ac_cv_env_FTGL_LIBS_value=
ac_cv_env_IMLIB2_CFLAGS_set=
ac_cv_env_IMLIB2_CFLAGS_value=
ac_cv_env_IMLIB2_LIBS_set=
ac_cv_env_IMLIB2_LIBS_value=
ac_cv_env_LDFLAGS_set=
ac_cv_env_LDFLAGS_value=
ac_cv_env_LIBS_set=
ac_cv_env_LIBS_value=
ac_cv_env_LT_SYS_LIBRARY_PATH_set=
ac_cv_env_LT_SYS_LIBRARY_PATH_value=
ac_cv_env_PANGOFT2_CFLAGS_set=
ac_cv_env_PANGOFT2_CFLAGS_value=
ac_cv_env_PANGOFT2_LIBS_set=
ac_cv_env_PANGOFT2_LIBS_value=
ac_cv_env_PKG_CONFIG_LIBDIR_set=
ac_cv_env_PKG_CONFIG_LIBDIR_value=
ac_cv_env_PKG_CONFIG_PATH_set=set
ac_cv_env_PKG_CONFIG_PATH_value=:/data/Tools/linux-sgx/linux/installer/bin/sgxsdk/pkgconfig
ac_cv_env_PKG_CONFIG_set=
ac_cv_env_PKG_CONFIG_value=
ac_cv_env_PYTHON_set=
ac_cv_env_PYTHON_value=
ac_cv_env_XMKMF_set=
ac_cv_env_XMKMF_value=
ac_cv_env_build_alias_set=
ac_cv_env_build_alias_value=
ac_cv_env_host_alias_set=
ac_cv_env_host_alias_value=
ac_cv_env_target_alias_set=
ac_cv_env_target_alias_value=
ac_cv_func_atexit=yes
ac_cv_func_getenv=yes
ac_cv_func_getopt_long=yes
ac_cv_func_gettimeofday=yes
ac_cv_func_htons=yes
ac_cv_func_ioctl=yes
ac_cv_func_putenv=yes
ac_cv_func_resize_term=yes
ac_cv_func_resizeterm=yes
ac_cv_func_signal=yes
ac_cv_func_snprintf=yes
ac_cv_func_sprintf_s=no
ac_cv_func_strcasecmp=yes
ac_cv_func_usleep=yes
ac_cv_func_vsnprintf=yes
ac_cv_func_vsnprintf_s=no
ac_cv_have_getopt_long=yes
ac_cv_have_x='have_x=yes	ac_x_includes='\'''\''	ac_x_libraries='\'''\'''
ac_cv_header_Cocoa_Cocoa_h=no
ac_cv_header_GL_gl_h=yes
ac_cv_header_GL_glut_h=no
ac_cv_header_X11_XKBlib_h=yes
ac_cv_header_arpa_inet_h=yes
ac_cv_header_conio_h=no
ac_cv_header_dlfcn_h=yes
ac_cv_header_endian_h=yes
ac_cv_header_errno_h=yes
ac_cv_header_getopt_h=yes
ac_cv_header_inttypes_h=yes
ac_cv_header_locale_h=yes
ac_cv_header_ncursesw_ncurses_h=yes
ac_cv_header_netinet_in_h=yes
ac_cv_header_ruby_h=no
ac_cv_header_signal_h=yes
ac_cv_header_slang_h=yes
ac_cv_header_stdarg_h=yes
ac_cv_header_stdint_h=yes
ac_cv_header_stdio_h=yes
ac_cv_header_stdlib_h=yes
ac_cv_header_string_h=yes
ac_cv_header_strings_h=yes
ac_cv_header_sys_ioctl_h=yes
ac_cv_header_sys_socket_h=yes
ac_cv_header_sys_stat_h=yes
ac_cv_header_sys_time_h=yes
ac_cv_header_sys_types_h=yes
ac_cv_header_termios_h=yes
ac_cv_header_unistd_h=yes
ac_cv_header_windows_h=no
ac_cv_header_winsock2_h=no
ac_cv_header_zlib_h=yes
ac_cv_host=x86_64-pc-linux-gnu
ac_cv_lib_X11_XOpenDisplay=yes
ac_cv_lib_m_sin=yes
ac_cv_lib_ncursesw_initscr=yes
ac_cv_lib_slang_SLsmg_utf8_enable=yes
ac_cv_lib_z_gzopen=yes
ac_cv_my_have_cocoa=no
ac_cv_my_have_conio=no
ac_cv_my_have_csharp=no
ac_cv_my_have_cxx=yes
ac_cv_my_have_gl=no
ac_cv_my_have_java=no
ac_cv_my_have_kernel=no
ac_cv_my_have_ncurses=yes
ac_cv_my_have_network=yes
ac_cv_my_have_python=yes
ac_cv_my_have_ruby=no
ac_cv_my_have_slang=yes
ac_cv_my_have_win32=no
ac_cv_my_have_x11=yes
ac_cv_objext=o
ac_cv_path_CSC=no
ac_cv_path_DOXYGEN=/usr/bin/doxygen
ac_cv_path_DVIPS=/usr/bin/dvips
ac_cv_path_EGREP='/usr/bin/grep -E'
ac_cv_path_FGREP='/usr/bin/grep -F'
ac_cv_path_GACUTIL=no
ac_cv_path_GMCS=no
ac_cv_path_GREP=/usr/bin/grep
ac_cv_path_JAR=/usr/bin/jar
ac_cv_path_JAVAC=/usr/bin/javac
ac_cv_path_JAVAH=no
ac_cv_path_KPSEWHICH=/usr/bin/kpsewhich
ac_cv_path_LATEX=/usr/bin/pdflatex
ac_cv_path_PYTHON=/usr/bin/python2
ac_cv_path_RUBY=/usr/bin/ruby
ac_cv_path_SED=/usr/bin/sed
ac_cv_path_ZZUF=no
ac_cv_path_ac_pt_PKG_CONFIG=/usr/bin/pkg-config
ac_cv_path_install='/usr/bin/install -c'
ac_cv_path_lt_DD=/usr/bin/dd
ac_cv_path_mkdir=/usr/bin/mkdir
ac_cv_prog_AWK=gawk
ac_cv_prog_CPP='gcc -E'
ac_cv_prog_CXXCPP='g++ -E'
ac_cv_prog_ac_ct_AR=ar
ac_cv_prog_ac_ct_CC=gcc
ac_cv_prog_ac_ct_CXX=g++
ac_cv_prog_ac_ct_DLLTOOL=dlltool
ac_cv_prog_ac_ct_MANIFEST_TOOL=mt
ac_cv_prog_ac_ct_OBJDUMP=objdump
ac_cv_prog_ac_ct_RANLIB=ranlib
ac_cv_prog_ac_ct_STRIP=strip
ac_cv_prog_cc_c11=
ac_cv_prog_cc_g=yes
ac_cv_prog_cc_stdc=
ac_cv_prog_cxx_11=no
ac_cv_prog_cxx_cxx11=
ac_cv_prog_cxx_g=yes
ac_cv_prog_cxx_stdcxx=
ac_cv_prog_make_make_set=yes
ac_cv_target=x86_64-pc-linux-gnu
ac_cv_type_signal=void
am_cv_CCAS_dependencies_compiler_type=gcc3
am_cv_CC_dependencies_compiler_type=gcc3
am_cv_CXX_dependencies_compiler_type=gcc3
am_cv_OBJC_dependencies_compiler_type=none
am_cv_make_support_nested_variables=yes
am_cv_pathless_PYTHON=python2
am_cv_prog_cc_c_o=yes
am_cv_prog_tar_ustar=gnutar
am_cv_python_platform=linux2
am_cv_python_pyexecdir='${PYTHON_EXEC_PREFIX}/lib/python2.7/dist-packages'
am_cv_python_pythondir='${PYTHON_PREFIX}/lib/python2.7/dist-packages'
am_cv_python_version=2.7
lt_cv_ar_at_file=@
lt_cv_archive_cmds_need_lc=no
lt_cv_deplibs_check_method=pass_all
lt_cv_file_magic_cmd='$MAGIC_CMD'
lt_cv_file_magic_test_file=
lt_cv_ld_reload_flag=-r
lt_cv_nm_interface='BSD nm'
lt_cv_objdir=.libs
lt_cv_path_LD=/usr/bin/ld
lt_cv_path_LDCXX='/usr/bin/ld -m elf_x86_64'
lt_cv_path_NM='/usr/bin/nm -B'
lt_cv_path_mainfest_tool=no
lt_cv_prog_compiler_c_o=yes
lt_cv_prog_compiler_c_o_CXX=yes
lt_cv_prog_compiler_pic='-fPIC -DPIC'
lt_cv_prog_compiler_pic_CXX='-fPIC -DPIC'
lt_cv_prog_compiler_pic_works=yes
lt_cv_prog_compiler_pic_works_CXX=yes
lt_cv_prog_compiler_rtti_exceptions=no
lt_cv_prog_compiler_static_works=yes
lt_cv_prog_compiler_static_works_CXX=yes
lt_cv_prog_gnu_ld=yes
lt_cv_prog_gnu_ldcxx=yes
lt_cv_sharedlib_from_linklib_cmd='printf %s\n'
lt_cv_shlibpath_overrides_runpath=yes
lt_cv_sys_global_symbol_pipe='sed -n -e '\''s/^.*[	 ]\([ABCDGIRSTW][ABCDGIRSTW]*\)[	 ][	 ]*\([_A-Za-z][_A-Za-z0-9]*\)$/\1 \2 \2/p'\'' | sed '\''/ __gnu_lto/d'\'''
lt_cv_sys_global_symbol_to_c_name_address='sed -n -e '\''s/^: \(.*\) .*$/  {"\1", (void *) 0},/p'\'' -e '\''s/^[ABCDGIRSTW][ABCDGIRSTW]* .* \(.*\)$/  {"\1", (void *) \&\1},/p'\'''
lt_cv_sys_global_symbol_to_c_name_address_lib_prefix='sed -n -e '\''s/^: \(.*\) .*$/  {"\1", (void *) 0},/p'\'' -e '\''s/^[ABCDGIRSTW][ABCDGIRSTW]* .* \(lib.*\)$/  {"\1", (void *) \&\1},/p'\'' -e '\''s/^[ABCDGIRSTW][ABCDGIRSTW]* .* \(.*\)$/  {"lib\1", (void *) \&\1},/p'\'''
lt_cv_sys_global_symbol_to_cdecl='sed -n -e '\''s/^T .* \(.*\)$/extern int \1();/p'\'' -e '\''s/^[ABCDGIRSTW][ABCDGIRSTW]* .* \(.*\)$/extern char \1;/p'\'''
lt_cv_sys_global_symbol_to_import=
lt_cv_sys_max_cmd_len=1572864
lt_cv_to_host_file_cmd=func_convert_file_noop
lt_cv_to_tool_file_cmd=func_convert_file_noop
lt_cv_truncate_bin='/usr/bin/dd bs=4096 count=1'
pkg_cv_PANGOFT2_CFLAGS='-pthread -I/usr/include/pango-1.0 -I/usr/include/harfbuzz -I/usr/include/pango-1.0 -I/usr/include/libmount -I/usr/include/blkid -I/usr/include/fribidi -I/usr/include/cairo -I/usr/include/pixman-1 -I/usr/include/harfbuzz -I/usr/include/glib-2.0 -I/usr/lib/x86_64-linux-gnu/glib-2.0/include -I/usr/include/uuid -I/usr/include/freetype2 -I/usr/include/libpng16'
pkg_cv_PANGOFT2_LIBS='-lpangoft2-1.0 -lpango-1.0 -lgobject-2.0 -lglib-2.0 -lharfbuzz -lfontconfig -lfreetype'

## ----------------- ##
## Output variables. ##
## ----------------- ##

ACLOCAL='${SHELL} '\''/data/Projects/2022_pmc_defender/experiments/toilet_attack/libcaca-0.99.beta19/.auto/missing'\'' aclocal-1.16'
AMDEPBACKSLASH='\'
AMDEP_FALSE='#'
AMDEP_TRUE=''
AMTAR='$${TAR-tar}'
AM_BACKSLASH='\'
AM_DEFAULT_V='$(AM_DEFAULT_VERBOSITY)'
AM_DEFAULT_VERBOSITY='0'
AM_V='$(V)'
AR='ar'
AS='as'
AUTOCONF='${SHELL} '\''/data/Projects/2022_pmc_defender/experiments/toilet_attack/libcaca-0.99.beta19/.auto/missing'\'' autoconf'
AUTOHEADER='${SHELL} '\''/data/Projects/2022_pmc_defender/experiments/toilet_attack/libcaca-0.99.beta19/.auto/missing'\'' autoheader'
AUTOMAKE='${SHELL} '\''/data/Projects/2022_pmc_defender/experiments/toilet_attack/libcaca-0.99.beta19/.auto/missing'\'' automake-1.16'
AWK='gawk'
BUILD_DOCUMENTATION_FALSE='#'
BUILD_DOCUMENTATION_TRUE=''
CACA_CFLAGS='   '
CACA_LIBS=' -lslang -lncursesw  -lX11   '
CC='gcc'
CCAS='gcc'
CCASDEPMODE='depmode=gcc3'
CCASFLAGS='-g -O2'
CCDEPMODE='depmode=gcc3'
CFLAGS='-g -O2 -g -O2 -fno-strength-reduce -fomit-frame-pointer -Wall -Wpointer-arith -Wcast-align -Wcast-qual -Wstrict-prototypes -Wshadow -Waggregate-return -Wmissing-prototypes -Wnested-externs -Wsign-compare'
CPP='gcc -E'
CPPFLAGS=' -DOPTIMISE_SLANG_PALETTE=1  '
CPPUNIT_CFLAGS=''
CPPUNIT_LIBS=''
CSC='no'
CSCOPE='cscope'
CTAGS='ctags'
CXX='g++'
CXXCPP='g++ -E'
CXXDEPMODE='depmode=gcc3'
CXXFLAGS='-g -O2 -Wall -Wpointer-arith -Wcast-align -Wcast-qual -Wshadow -Wsign-compare'
CYGPATH_W='echo'
DEFS='-DHAVE_CONFIG_H'
DEPDIR='.deps'
DLLTOOL='dlltool'
DOXYGEN='/usr/bin/doxygen'
DSYMUTIL=''
DUMPBIN=''
DVIPS='/usr/bin/dvips'
ECHO_C=''
ECHO_N='-n'
ECHO_T=''
EGREP='/usr/bin/grep -E'
ETAGS='etags'
EXEEXT=''
FGREP='/usr/bin/grep -F'
FTGL_CFLAGS=''
FTGL_LIBS=''
GACUTIL='no'
GETOPT_LIBS=''
GL_CFLAGS=''
GL_LIBS=''
GMCS='no'
GREP='/usr/bin/grep'
IMLIB2_CFLAGS=''
IMLIB2_LIBS=''
INSTALL_DATA='${INSTALL} -m 644'
INSTALL_PROGRAM='${INSTALL}'
INSTALL_SCRIPT='${INSTALL}'
INSTALL_STRIP_PROGRAM='$(install_sh) -c -s'
JAR='/usr/bin/jar'
JAVAC='/usr/bin/javac'
JAVAH='no'
JAVA_CFLAGS=''
JAVA_LIBS=''
KPSEWHICH='/usr/bin/kpsewhich'
LATEX='/usr/bin/pdflatex'
LD='/usr/bin/ld -m elf_x86_64'
LDFLAGS=''
LIBOBJS=''
LIBS=''
LIBTOOL='$(SHELL) $(top_builddir)/libtool'
LIPO=''
LN_S='ln -s'
LTLIBOBJS=''
LT_MAJOR='0'
LT_MICRO='19'
LT_MINOR='99'
LT_SUFFIX='.so.0'
LT_SYS_LIBRARY_PATH=''
LT_VERSION='0:99:19'
MAKEINFO='${SHELL} '\''/data/Projects/2022_pmc_defender/experiments/toilet_attack/libcaca-0.99.beta19/.auto/missing'\'' makeinfo'
MANIFEST_TOOL=':'
MATH_LIBS=' -lm'
MKDIR_P='/usr/bin/mkdir -p'
NM='/usr/bin/nm -B'
NMEDIT=''
OBJC='gcc'
OBJCDEPMODE='depmode=none'
OBJCFLAGS=''
OBJDUMP='objdump'
OBJEXT='o'
OTOOL64=''
OTOOL=''
PACKAGE='libcaca'
PACKAGE_BUGREPORT=''
PACKAGE_NAME='libcaca'
PACKAGE_STRING='libcaca 0.99.beta19'
PACKAGE_TARNAME='libcaca'
PACKAGE_URL=''
PACKAGE_VERSION='0.99.beta19'
PANGOFT2_CFLAGS='-pthread -I/usr/include/pango-1.0 -I/usr/include/harfbuzz -I/usr/include/pango-1.0 -I/usr/include/libmount -I/usr/include/blkid -I/usr/include/fribidi -I/usr/include/cairo -I/usr/include/pixman-1 -I/usr/include/harfbuzz -I/usr/include/glib-2.0 -I/usr/lib/x86_64-linux-gnu/glib-2.0/include -I/usr/include/uuid -I/usr/include/freetype2 -I/usr/include/libpng16'
PANGOFT2_LIBS='-lpangoft2-1.0 -lpango-1.0 -lgobject-2.0 -lglib-2.0 -lharfbuzz -lfontconfig -lfreetype'
PATH_SEPARATOR=':'
PKG_CONFIG='/usr/bin/pkg-config'
PKG_CONFIG_LIBDIR=''
PKG_CONFIG_PATH=':/data/Tools/linux-sgx/linux/installer/bin/sgxsdk/pkgconfig'
PYTHON='/usr/bin/python2'
PYTHON_EXEC_PREFIX='${exec_prefix}'
PYTHON_PLATFORM='linux2'
PYTHON_PREFIX='${prefix}'
PYTHON_VERSION='2.7'
RANLIB='ranlib'
RUBY='/usr/bin/ruby'
RUBY_CFLAGS=''
RUBY_LIBS='-L/usr/lib -lruby-3.0'
RUBY_SITEARCHDIR='/usr/local/lib/x86_64-linux-gnu/site_ruby'
RUBY_SITELIBDIR='/usr/local/lib/site_ruby/3.0.0'
SED='/usr/bin/sed'
SET_MAKE=''
SHELL='/bin/bash'
STRIP='strip'
USE_COCOA_FALSE=''
USE_COCOA_TRUE='#'
USE_CPPUNIT_FALSE=''
USE_CPPUNIT_TRUE='#'
USE_CSHARP_FALSE=''
USE_CSHARP_TRUE='#'
USE_CXX_FALSE='#'
USE_CXX_TRUE=''
USE_FTGL_FALSE=''
USE_FTGL_TRUE='#'
USE_JAVA_FALSE=''
USE_JAVA_TRUE='#'
USE_KERNEL_FALSE=''
USE_KERNEL_TRUE='#'
USE_LATEX_FALSE='#'
USE_LATEX_TRUE=''
USE_NETWORK_FALSE='#'
USE_NETWORK_TRUE=''
USE_PANGO_FALSE='#'
USE_PANGO_TRUE=''
USE_PLUGINS_FALSE=''
USE_PLUGINS_TRUE='#'
USE_PYTHON_FALSE='#'
USE_PYTHON_TRUE=''
USE_RUBY_FALSE=''
USE_RUBY_TRUE='#'
USE_ZZUF_FALSE=''
USE_ZZUF_TRUE='#'
VERSION='0.99.beta19'
X11_CFLAGS=''
X11_LIBS=' -lX11 '
XMKMF=''
ZLIB_LIBS=' -lz'
ZZUF='no'
ac_ct_AR='ar'
ac_ct_CC='gcc'
ac_ct_CXX='g++'
ac_ct_DUMPBIN=''
am__EXEEXT_FALSE=''
am__EXEEXT_TRUE='#'
am__fastdepCCAS_FALSE='#'
am__fastdepCCAS_TRUE=''
am__fastdepCC_FALSE='#'
am__fastdepCC_TRUE=''
am__fastdepCXX_FALSE='#'
am__fastdepCXX_TRUE=''
am__fastdepOBJC_FALSE=''
am__fastdepOBJC_TRUE='#'
am__include='include'
am__isrc=''
am__leading_dot='.'
am__nodep='_no'
am__quote=''
am__tar='tar --format=ustar -chf - "$$tardir"'
am__untar='tar -xf -'
bindir='${exec_prefix}/bin'
build='x86_64-pc-linux-gnu'
build_alias=''
build_cpu='x86_64'
build_os='linux-gnu'
build_vendor='pc'
datadir='${datarootdir}'
datarootdir='${prefix}/share'
docdir='${datarootdir}/doc/${PACKAGE_TARNAME}'
dvidir='${docdir}'
exec_prefix='${prefix}'
host='x86_64-pc-linux-gnu'
host_alias=''
host_cpu='x86_64'
host_os='linux-gnu'
host_vendor='pc'
htmldir='${docdir}'
includedir='${prefix}/include'
infodir='${datarootdir}/info'
install_sh='${SHELL} /data/Projects/2022_pmc_defender/experiments/toilet_attack/libcaca-0.99.beta19/.auto/install-sh'
libdir='${exec_prefix}/lib'
libexecdir='${exec_prefix}/libexec'
localedir='${datarootdir}/locale'
localstatedir='${prefix}/var'
mandir='${datarootdir}/man'
mkdir_p='$(MKDIR_P)'
oldincludedir='/usr/include'
pdfdir='${docdir}'
pkgpyexecdir='${pyexecdir}/libcaca'
pkgpythondir='${pythondir}/libcaca'
prefix='/usr/local'
program_transform_name='s,x,x,'
psdir='${docdir}'
pyexecdir='${PYTHON_EXEC_PREFIX}/lib/python2.7/dist-packages'
pythondir='${PYTHON_PREFIX}/lib/python2.7/dist-packages'
runstatedir='${localstatedir}/run'
sbindir='${exec_prefix}/sbin'
sharedstatedir='${prefix}/com'
sysconfdir='${prefix}/etc'
target='x86_64-pc-linux-gnu'
target_alias=''
target_cpu='x86_64'
target_os='linux-gnu'
target_vendor='pc'

## ----------- ##
## confdefs.h. ##
## ----------- ##

/* confdefs.h */
#define PACKAGE_NAME "libcaca"
#define PACKAGE_TARNAME "libcaca"
#define PACKAGE_VERSION "0.99.beta19"
#define PACKAGE_STRING "libcaca 0.99.beta19"
#define PACKAGE_BUGREPORT ""
#define PACKAGE_URL ""
#define HAVE_STDIO_H 1
#define HAVE_STDLIB_H 1
#define HAVE_STRING_H 1
#define HAVE_INTTYPES_H 1
#define HAVE_STDINT_H 1
#define HAVE_STRINGS_H 1
#define HAVE_SYS_STAT_H 1
#define HAVE_SYS_TYPES_H 1
#define HAVE_UNISTD_H 1
#define STDC_HEADERS 1
#define HAVE_DLFCN_H 1
#define LT_OBJDIR ".libs/"
#define RETSIGTYPE void
#define HAVE_STDIO_H 1
#define HAVE_STDARG_H 1
#define HAVE_SIGNAL_H 1
#define HAVE_SYS_IOCTL_H 1
#define HAVE_SYS_TIME_H 1
#define HAVE_ENDIAN_H 1
#define HAVE_UNISTD_H 1
#define HAVE_ARPA_INET_H 1
#define HAVE_NETINET_IN_H 1
#define HAVE_ERRNO_H 1
#define HAVE_LOCALE_H 1
#define HAVE_GETOPT_H 1
#define HAVE_DLFCN_H 1
#define HAVE_TERMIOS_H 1
#define HAVE_SIGNAL 1
#define HAVE_IOCTL 1
#define HAVE_SNPRINTF 1
#define HAVE_VSNPRINTF 1
#define HAVE_GETENV 1
#define HAVE_PUTENV 1
#define HAVE_STRCASECMP 1
#define HAVE_HTONS 1
#define HAVE_USLEEP 1
#define HAVE_GETTIMEOFDAY 1
#define HAVE_ATEXIT 1
#define HAVE_GETOPT_LONG 1
#define HAVE_GETOPT_LONG 1
#define HAVE_FSIN_FCOS 1
#define HAVE_FLDLN2 1
#define HAVE_ZLIB_H 1
#define HAVE_SLANG_H 1
#define USE_SLANG 1
#define HAVE_SLSMG_UTF8_ENABLE 1
#define USE_X11 1
#define HAVE_X11_XKBLIB_H 1
#define HAVE_GL_GL_H 1
#define HAVE_NCURSESW_NCURSES_H 1
#define USE_NCURSES 1
#define HAVE_RESIZETERM 1
#define HAVE_RESIZE_TERM 1
#define HAVE_SYS_SOCKET_H 1

configure: exit 0

## ---------------------- ##
## Running config.status. ##
## ---------------------- ##

This file was extended by libcaca config.status 0.99.beta19, which was
generated by GNU Autoconf 2.71.  Invocation command line was

  CONFIG_FILES    = 
  CONFIG_HEADERS  = 
  CONFIG_LINKS    = 
  CONFIG_COMMANDS = 
  $ ./config.status 

on mschwarz-t490s

config.status:1303: creating Makefile
config.status:1303: creating kernel/Makefile
config.status:1303: creating caca/Makefile
config.status:1303: creating src/Makefile
config.status:1303: creating examples/Makefile
config.status:1303: creating test/Makefile
config.status:1303: creating tools/Makefile
config.status:1303: creating java/Makefile
config.status:1303: creating caca-sharp/Makefile
config.status:1303: creating cxx/Makefile
config.status:1303: creating python/Makefile
config.status:1303: creating ruby/Makefile
config.status:1303: creating doc/Makefile
config.status:1303: creating win32/Makefile
config.status:1303: creating caca/caca.pc
config.status:1303: creating caca-sharp/caca-sharp.dll.config
config.status:1303: creating cxx/caca++.pc
config.status:1303: creating doc/doxygen.cfg
config.status:1303: creating caca-config
config.status:1303: creating config.h
config.status:1484: config.h is unchanged
config.status:1532: executing depfiles commands
config.status:1609: cd kernel       && sed -e '/# am--include-marker/d' Makefile         | make -f - am--depfiles
make[1]: Entering directory '/data/Projects/2022_pmc_defender/experiments/toilet_attack/libcaca-0.99.beta19/kernel'
make[1]: Nothing to be done for 'am--depfiles'.
make[1]: Leaving directory '/data/Projects/2022_pmc_defender/experiments/toilet_attack/libcaca-0.99.beta19/kernel'
config.status:1614: $? = 0
config.status:1609: cd caca       && sed -e '/# am--include-marker/d' Makefile         | make -f - am--depfiles
make[1]: Entering directory '/data/Projects/2022_pmc_defender/experiments/toilet_attack/libcaca-0.99.beta19/caca'
make[1]: Nothing to be done for 'am--depfiles'.
make[1]: Leaving directory '/data/Projects/2022_pmc_defender/experiments/toilet_attack/libcaca-0.99.beta19/caca'
config.status:1614: $? = 0
config.status:1609: cd src       && sed -e '/# am--include-marker/d' Makefile         | make -f - am--depfiles
make[1]: Entering directory '/data/Projects/2022_pmc_defender/experiments/toilet_attack/libcaca-0.99.beta19/src'
make[1]: Nothing to be done for 'am--depfiles'.
make[1]: Leaving directory '/data/Projects/2022_pmc_defender/experiments/toilet_attack/libcaca-0.99.beta19/src'
config.status:1614: $? = 0
config.status:1609: cd examples       && sed -e '/# am--include-marker/d' Makefile         | make -f - am--depfiles
make[1]: Entering directory '/data/Projects/2022_pmc_defender/experiments/toilet_attack/libcaca-0.99.beta19/examples'
make[1]: Nothing to be done for 'am--depfiles'.
make[1]: Leaving directory '/data/Projects/2022_pmc_defender/experiments/toilet_attack/libcaca-0.99.beta19/examples'
config.status:1614: $? = 0
config.status:1609: cd test       && sed -e '/# am--include-marker/d' Makefile         | make -f - am--depfiles
make[1]: Entering directory '/data/Projects/2022_pmc_defender/experiments/toilet_attack/libcaca-0.99.beta19/test'
make[1]: Nothing to be done for 'am--depfiles'.
make[1]: Leaving directory '/data/Projects/2022_pmc_defender/experiments/toilet_attack/libcaca-0.99.beta19/test'
config.status:1614: $? = 0
config.status:1609: cd tools       && sed -e '/# am--include-marker/d' Makefile         | make -f - am--depfiles
make[1]: Entering directory '/data/Projects/2022_pmc_defender/experiments/toilet_attack/libcaca-0.99.beta19/tools'
make[1]: Nothing to be done for 'am--depfiles'.
make[1]: Leaving directory '/data/Projects/2022_pmc_defender/experiments/toilet_attack/libcaca-0.99.beta19/tools'
config.status:1614: $? = 0
config.status:1609: cd java       && sed -e '/# am--include-marker/d' Makefile         | make -f - am--depfiles
make[1]: Entering directory '/data/Projects/2022_pmc_defender/experiments/toilet_attack/libcaca-0.99.beta19/java'
make[1]: Nothing to be done for 'am--depfiles'.
make[1]: Leaving directory '/data/Projects/2022_pmc_defender/experiments/toilet_attack/libcaca-0.99.beta19/java'
config.status:1614: $? = 0
config.status:1609: cd cxx       && sed -e '/# am--include-marker/d' Makefile         | make -f - am--depfiles
make[1]: Entering directory '/data/Projects/2022_pmc_defender/experiments/toilet_attack/libcaca-0.99.beta19/cxx'
make[1]: Nothing to be done for 'am--depfiles'.
make[1]: Leaving directory '/data/Projects/2022_pmc_defender/experiments/toilet_attack/libcaca-0.99.beta19/cxx'
config.status:1614: $? = 0
config.status:1609: cd ruby       && sed -e '/# am--include-marker/d' Makefile         | make -f - am--depfiles
make[1]: Entering directory '/data/Projects/2022_pmc_defender/experiments/toilet_attack/libcaca-0.99.beta19/ruby'
make[1]: Nothing to be done for 'am--depfiles'.
make[1]: Leaving directory '/data/Projects/2022_pmc_defender/experiments/toilet_attack/libcaca-0.99.beta19/ruby'
config.status:1614: $? = 0
config.status:1532: executing libtool commands

## ---------------------- ##
## Running config.status. ##
## ---------------------- ##

This file was extended by libcaca config.status 0.99.beta19, which was
generated by GNU Autoconf 2.71.  Invocation command line was

  CONFIG_FILES    = 
  CONFIG_HEADERS  = 
  CONFIG_LINKS    = 
  CONFIG_COMMANDS = 
  $ ./config.status config.h

on mschwarz-t490s

config.status:1303: creating config.h
config.status:1484: config.h is unchanged
